#
# A fatal error has been detected by the Java Runtime Environment:
#
#  EXCEPTION_ACCESS_VIOLATION (0xc0000005) at pc=0x00007ffe16be7a1c, pid=6984, tid=11176
#
# JRE version: OpenJDK Runtime Environment Temurin-17.0.3+7 (17.0.3+7) (build 17.0.3+7)
# Java VM: OpenJDK 64-Bit Server VM Temurin-17.0.3+7 (17.0.3+7, mixed mode, sharing, tiered, compressed oops, compressed class ptrs, g1 gc, windows-amd64)
# Problematic frame:
# C  [xerces-c_3_2.dll+0x7a1c]
#
# No core dump will be written. Minidumps are not enabled by default on client versions of Windows
#
# If you would like to submit a bug report, please visit:
#   https://github.com/adoptium/adoptium-support/issues
# The crash happened outside the Java Virtual Machine in native code.
# See problematic frame for where to report the bug.
#

---------------  S U M M A R Y ------------

Command Line: -Dsun.java2d.pmoffscreen=false -Dhttps.protocols=TLSv1,TLSv1.1,TLSv1.2 -Dsun.java2d.xrender=false -Dsun.java2d.d3d=false -Dsun.awt.nopixfmt=true -Dsun.java2d.dpiaware=true -Dsun.java2d.uiScale.enabled=false -Dswing.aatext=true -XX:-UsePerfData -Djdk.map.althashing.threshold=512 -XX:StringTableSize=4072 -XX:+UseStringDeduplication -XX:MaxGCPauseMillis=200 -XX:+ParallelRefProcEnabled --add-opens=java.desktop/javax.swing.plaf.synth=ALL-UNNAMED --add-opens=java.base/java.nio=ALL-UNNAMED --add-opens=java.desktop/sun.swing=ALL-UNNAMED --add-opens=java.desktop/javax.swing=ALL-UNNAMED --add-opens=java.desktop/javax.swing.tree=ALL-UNNAMED --add-opens=java.desktop/javax.swing.plaf.basic=ALL-UNNAMED --add-opens=java.desktop/javax.swing.plaf.synth=ALL-UNNAMED --add-opens=java.desktop/javax.swing.plaf.basic=ALL-UNNAMED --add-opens=java.desktop/javax.swing=ALL-UNNAMED --add-opens=java.desktop/javax.swing.tree=ALL-UNNAMED --add-opens=java.desktop/java.awt.event=ALL-UNNAMED --add-exports=java.desktop/javax.swing.plaf.synth=ALL-UNNAMED --add-exports=java.base/java.nio=ALL-UNNAMED --add-exports=java.desktop/sun.swing=ALL-UNNAMED --add-exports=java.desktop/javax.swing=ALL-UNNAMED --add-exports=java.desktop/javax.swing.tree=ALL-UNNAMED --add-exports=java.desktop/javax.swing.plaf.basic=ALL-UNNAMED --add-exports=java.desktop/sun.swing=ALL-UNNAMED --add-exports=java.desktop/sun.swing.table=ALL-UNNAMED --add-exports=java.desktop/sun.swing.plaf.synth=ALL-UNNAMED --add-exports=java.desktop/sun.awt.shell=ALL-UNNAMED --add-exports=java.base/sun.security.action=ALL-UNNAMED --add-exports=java.desktop/sun.font=ALL-UNNAMED -XX:NewSize=80m -XX:MaxNewSize=80m -Xms512m -Xmx4072m -Xss10m 

Host: Intel(R) Core(TM) i5-7300HQ CPU @ 2.50GHz, 4 cores, 15G,  Windows 10 , 64 bit Build 19041 (10.0.19041.4597)
Time: Wed Jul 17 07:29:55 2024 Middle East Daylight Time elapsed time: 44.447849 seconds (0d 0h 0m 44s)

---------------  T H R E A D  ---------------

Current thread (0x0000027a504ac890):  JavaThread "NewProject Thread" [_thread_in_native, id=11176, stack(0x000000cf63c00000,0x000000cf64600000)]

Stack: [0x000000cf63c00000,0x000000cf64600000],  sp=0x000000cf645fe570,  free space=10233k
Native frames: (J=compiled Java code, j=interpreted, Vv=VM code, C=native code)
C  [xerces-c_3_2.dll+0x7a1c]
C  [xerces-c_3_2.dll+0x49d5f]
C  [librdi_common.dll+0x8c4ed6]
C  [librdi_common.dll+0x8c37fd]
C  [librdi_board.dll+0x49be0]
C  [librdi_board.dll+0x40f78]
C  [librdi_board.dll+0x48155]
C  [librdi_boarddep.dll+0x5667]
C  0x00007ffdace929cf
C  0x0000027a310bd621

Java frames: (J=compiled Java code, j=interpreted, Vv=VM code)
j  ui.project.projecti.ProjUtils_createBoardPartIter(J)J+0
j  ui.data.b.S(Lui/project/m;)Ljava/util/List;+22
j  ui.views.d.v.g.DU()V+20
j  ui.views.i.aQH()Ljava/lang/Object;+4
j  ui.frmwork.z.run()V+23
j  java.lang.Thread.run()V+11 java.base@17.0.3
v  ~StubRoutines::call_stub

siginfo: EXCEPTION_ACCESS_VIOLATION (0xc0000005), reading address 0x0000000000000000


Register to memory mapping:

RIP=0x00007ffe16be7a1c xerces-c_3_2.dll
RAX=0x000000cf645fe618 is pointing into the stack for thread: 0x0000027a504ac890
RBX=0x000000cf645fe628 is pointing into the stack for thread: 0x0000027a504ac890
RCX=0x000000cf645fe628 is pointing into the stack for thread: 0x0000027a504ac890
RDX=0x0 is NULL
RSP=0x000000cf645fe570 is pointing into the stack for thread: 0x0000027a504ac890
RBP=0x000000cf645fed90 is pointing into the stack for thread: 0x0000027a504ac890
RSI=0x000000cf645feea0 is pointing into the stack for thread: 0x0000027a504ac890
RDI=0x0 is NULL
R8 =0x0 is NULL
R9 =0x0 is NULL
R10=0x0000000000008000 is an unknown value
R11=0x000000cf645fe480 is pointing into the stack for thread: 0x0000027a504ac890
R12=0x000000000000000f is an unknown value
R13=0x7fffffffffffffff is an unknown value
R14=0xffffffffffffffff is an unknown value
R15=0x0000000000000052 is an unknown value


Registers:
RAX=0x000000cf645fe618, RBX=0x000000cf645fe628, RCX=0x000000cf645fe628, RDX=0x0000000000000000
RSP=0x000000cf645fe570, RBP=0x000000cf645fed90, RSI=0x000000cf645feea0, RDI=0x0000000000000000
R8 =0x0000000000000000, R9 =0x0000000000000000, R10=0x0000000000008000, R11=0x000000cf645fe480
R12=0x000000000000000f, R13=0x7fffffffffffffff, R14=0xffffffffffffffff, R15=0x0000000000000052
RIP=0x00007ffe16be7a1c, EFLAGS=0x0000000000010202

Top of Stack: (sp=0x000000cf645fe570)
0x000000cf645fe570:   0000000000000000 0000000000000000
0x000000cf645fe580:   0000027a51da2d30 0000000000000053
0x000000cf645fe590:   0000000000000000 00007ffe16c29d5f
0x000000cf645fe5a0:   000000cf645feea0 00007ffde82b9ac4
0x000000cf645fe5b0:   00000000ffffffff 0000027a1e9d0000
0x000000cf645fe5c0:   0000000000000000 0000000000000000
0x000000cf645fe5d0:   fffffffffffffffe 0000000000000001
0x000000cf645fe5e0:   00000bf700000003 00000000669676d7
0x000000cf645fe5f0:   fffffffffffffffe 0000000066956477
0x000000cf645fe600:   00009fb1354eecd8 000000cf645feea0
0x000000cf645fe610:   0000000000000000 00007ffde8454ed6
0x000000cf645fe620:   0000000000000000 0000000000000000
0x000000cf645fe630:   0000000000000000 000000cf645feea0
0x000000cf645fe640:   0000000000000030 0000027a1e9b0cc0
0x000000cf645fe650:   0000027a203c40e0 0000027a510ffef0
0x000000cf645fe660:   000000cf645feea0 0000000000000030 

Instructions: (pc=0x00007ffe16be7a1c)
0x00007ffe16be791c:   18 48 8b 4b 18 4c 8d 04 7d 02 00 00 00 48 8b d6
0x00007ffe16be792c:   48 8b 5c 24 30 48 8b 74 24 38 48 83 c4 20 5f e9
0x00007ffe16be793c:   12 71 12 00 48 85 d2 75 08 45 33 c0 e9 23 00 00
0x00007ffe16be794c:   00 4c 8b c2 41 0f b7 00 49 83 c0 02 66 85 c0 75
0x00007ffe16be795c:   f3 4c 2b c2 49 d1 f8 49 ff c8 e9 05 00 00 00 cc
0x00007ffe16be796c:   cc cc cc cc 48 89 5c 24 08 48 89 74 24 10 57 48
0x00007ffe16be797c:   83 ec 20 49 8b f8 48 8b f2 48 8b d9 4c 3b 41 10
0x00007ffe16be798c:   72 2f 48 8b 49 28 48 8b 53 20 48 8b 01 ff 50 18
0x00007ffe16be799c:   48 8b 4b 28 48 8d 57 01 48 89 53 10 48 03 d2 48
0x00007ffe16be79ac:   c7 43 20 00 00 00 00 48 8b 01 ff 50 10 48 89 43
0x00007ffe16be79bc:   20 48 8b 4b 20 4c 8d 04 7d 02 00 00 00 48 8b d6
0x00007ffe16be79cc:   48 8b 5c 24 30 48 8b 74 24 38 48 83 c4 20 5f e9
0x00007ffe16be79dc:   72 70 12 00 40 53 48 83 ec 20 48 8b d9 48 c7 01
0x00007ffe16be79ec:   00 00 00 00 48 89 51 08 48 8b ca e8 64 13 00 00
0x00007ffe16be79fc:   48 89 03 48 8b c3 48 83 c4 20 5b c3 cc cc cc cc
0x00007ffe16be7a0c:   cc cc cc cc 40 53 48 83 ec 20 48 8b d9 48 89 11
0x00007ffe16be7a1c:   48 8b 0a e8 ac 12 00 00 48 8b c3 48 83 c4 20 5b
0x00007ffe16be7a2c:   c3 cc cc cc 40 53 48 83 ec 30 48 c7 44 24 20 fe
0x00007ffe16be7a3c:   ff ff ff 48 8b d9 48 8b 09 48 85 c9 74 11 48 8b
0x00007ffe16be7a4c:   53 08 e8 7d 0d 00 00 90 48 c7 03 00 00 00 00 48
0x00007ffe16be7a5c:   83 c4 30 5b c3 cc cc cc cc cc cc cc cc cc cc cc
0x00007ffe16be7a6c:   cc cc cc cc 48 83 ec 38 48 c7 44 24 20 fe ff ff
0x00007ffe16be7a7c:   ff 48 8b 09 48 8b 09 e8 48 1b 00 00 90 48 83 c4
0x00007ffe16be7a8c:   38 c3 cc cc 40 53 48 83 ec 20 48 8b d9 48 8b 0d
0x00007ffe16be7a9c:   c0 22 2a 00 48 c7 03 00 00 00 00 48 89 4b 08 e8
0x00007ffe16be7aac:   b0 12 00 00 48 89 03 48 83 c4 20 5b c3 cc cc cc
0x00007ffe16be7abc:   cc cc cc cc 48 8b 09 e9 08 12 00 00 cc cc cc cc
0x00007ffe16be7acc:   cc cc cc cc 48 8b 09 e9 f8 1a 00 00 cc cc cc cc
0x00007ffe16be7adc:   cc cc cc cc 83 f9 08 77 56 48 63 c1 48 8d 15 11
0x00007ffe16be7aec:   85 ff ff 8b 8c 82 44 7b 00 00 48 03 ca ff e1 48
0x00007ffe16be7afc:   8d 05 46 6d 14 00 c3 48 8d 05 66 6d 14 00 c3 48
0x00007ffe16be7b0c:   8d 05 8e 6d 14 00 c3 48 8d 05 a6 6d 14 00 c3 48 


Stack slot to memory mapping:
stack at sp + 0 slots: 0x0 is NULL
stack at sp + 1 slots: 0x0 is NULL
stack at sp + 2 slots: 0x0000027a51da2d30 points into unknown readable memory: 0x0000000000a80914 | 14 09 a8 00 00 00 00 00
stack at sp + 3 slots: 0x0000000000000053 is an unknown value
stack at sp + 4 slots: 0x0 is NULL
stack at sp + 5 slots: 0x00007ffe16c29d5f xerces-c_3_2.dll
stack at sp + 6 slots: 0x000000cf645feea0 is pointing into the stack for thread: 0x0000027a504ac890
stack at sp + 7 slots: 0x00007ffde82b9ac4 librdi_common.dll


---------------  P R O C E S S  ---------------

Threads class SMR info:
_java_thread_list=0x0000027a53b09540, length=29, elements={
0x0000027a26e0ee40, 0x0000027a28ba7420, 0x0000027a28bc9010, 0x0000027a28bf7750,
0x0000027a28bf9020, 0x0000027a28bff900, 0x0000027a28c03e40, 0x0000027a28c04a30,
0x0000027a28c029f0, 0x0000027a28c02f00, 0x0000027a28dc93a0, 0x0000027a28d66f60,
0x0000027a4bfc3ae0, 0x0000027a294d90e0, 0x0000027a4cb40040, 0x0000027a4e3908d0,
0x0000027a4c0bf530, 0x0000027a4c0c16e0, 0x0000027a4c0c2080, 0x0000027a4c0c03a0,
0x0000027a4c0c1210, 0x0000027a504ac890, 0x0000027a504aabb0, 0x0000027a504ad700,
0x0000027a504b0250, 0x0000027a504ad230, 0x0000027a504adbd0, 0x0000027a504ae0a0,
0x0000027a504b10c0
}

Java Threads: ( => current thread )
  0x0000027a26e0ee40 JavaThread "main" [_thread_blocked, id=4572, stack(0x000000cf58300000,0x000000cf58400000)]
  0x0000027a28ba7420 JavaThread "Reference Handler" daemon [_thread_blocked, id=9960, stack(0x000000cf58b00000,0x000000cf59500000)]
  0x0000027a28bc9010 JavaThread "Finalizer" daemon [_thread_blocked, id=11164, stack(0x000000cf59500000,0x000000cf59f00000)]
  0x0000027a28bf7750 JavaThread "Signal Dispatcher" daemon [_thread_blocked, id=7316, stack(0x000000cf59f00000,0x000000cf5a900000)]
  0x0000027a28bf9020 JavaThread "Attach Listener" daemon [_thread_blocked, id=6152, stack(0x000000cf5a900000,0x000000cf5b300000)]
  0x0000027a28bff900 JavaThread "Service Thread" daemon [_thread_blocked, id=2328, stack(0x000000cf5b300000,0x000000cf5bd00000)]
  0x0000027a28c03e40 JavaThread "Monitor Deflation Thread" daemon [_thread_blocked, id=1640, stack(0x000000cf5bd00000,0x000000cf5c700000)]
  0x0000027a28c04a30 JavaThread "C2 CompilerThread0" daemon [_thread_blocked, id=6968, stack(0x000000cf5c700000,0x000000cf5c800000)]
  0x0000027a28c029f0 JavaThread "C1 CompilerThread0" daemon [_thread_blocked, id=5004, stack(0x000000cf5c800000,0x000000cf5c900000)]
  0x0000027a28c02f00 JavaThread "Sweeper thread" daemon [_thread_blocked, id=8816, stack(0x000000cf5c900000,0x000000cf5d300000)]
  0x0000027a28dc93a0 JavaThread "Common-Cleaner" daemon [_thread_blocked, id=880, stack(0x000000cf5d400000,0x000000cf5de00000)]
  0x0000027a28d66f60 JavaThread "Notification Thread" daemon [_thread_blocked, id=8728, stack(0x000000cf5de00000,0x000000cf5e800000)]
  0x0000027a4bfc3ae0 JavaThread "Java2D Disposer" daemon [_thread_blocked, id=7344, stack(0x000000cf5e800000,0x000000cf5f200000)]
  0x0000027a294d90e0 JavaThread "AWT-Windows" daemon [_thread_in_native, id=1644, stack(0x000000cf5fc00000,0x000000cf60600000)]
  0x0000027a4cb40040 JavaThread "TimerQueue" daemon [_thread_blocked, id=11136, stack(0x000000cf5f200000,0x000000cf5fc00000)]
  0x0000027a4e3908d0 JavaThread "AWT-Shutdown" [_thread_blocked, id=11220, stack(0x000000cf61300000,0x000000cf61d00000)]
  0x0000027a4c0bf530 JavaThread "AWT-EventQueue-0" [_thread_blocked, id=9364, stack(0x000000cf61d00000,0x000000cf62700000)]
  0x0000027a4c0c16e0 JavaThread "Thread-1" [_thread_in_native, id=9784, stack(0x000000cf56b00000,0x000000cf57f00000)]
  0x0000027a4c0c2080 JavaThread "Process Messages Thread" [_thread_blocked, id=9720, stack(0x000000cf62800000,0x000000cf63200000)]
  0x0000027a4c0c03a0 JavaThread "Batik CleanerThread" daemon [_thread_blocked, id=2276, stack(0x000000cf63200000,0x000000cf63c00000)]
  0x0000027a4c0c1210 JavaThread "SyntheticaCleanerThread" daemon [_thread_blocked, id=8560, stack(0x000000cf65000000,0x000000cf65a00000)]
=>0x0000027a504ac890 JavaThread "NewProject Thread" [_thread_in_native, id=11176, stack(0x000000cf63c00000,0x000000cf64600000)]
  0x0000027a504aabb0 JavaThread "Timer-0" [_thread_blocked, id=1924, stack(0x000000cf64600000,0x000000cf65000000)]
  0x0000027a504ad700 JavaThread "Monitor File Timestamp Swing Worker Thread" [_thread_blocked, id=7564, stack(0x000000cf65a00000,0x000000cf66400000)]
  0x0000027a504b0250 JavaThread "Monitor HEventQueue Thread" [_thread_blocked, id=11352, stack(0x000000cf60600000,0x000000cf61000000)]
  0x0000027a504ad230 JavaThread "SyntheticaAnimation 50" daemon [_thread_blocked, id=13416, stack(0x000000cf66400000,0x000000cf66e00000)]
  0x0000027a504adbd0 JavaThread "SyntheticaAnimation 25" daemon [_thread_blocked, id=4284, stack(0x000000cf66f00000,0x000000cf67900000)]
  0x0000027a504ae0a0 JavaThread "Open Project Thread" [_thread_in_native, id=7896, stack(0x000000cf67900000,0x000000cf68300000)]
  0x0000027a504b10c0 JavaThread "SyntheticaAnimation 70" daemon [_thread_blocked, id=4392, stack(0x000000cf68300000,0x000000cf68d00000)]

Other Threads:
  0x0000027a26dd3840 VMThread "VM Thread" [stack: 0x000000cf58a00000,0x000000cf58b00000] [id=9272]
  0x0000027a28dc9870 WatcherThread [stack: 0x000000cf5d300000,0x000000cf5d400000] [id=10956]
  0x0000027a26d42ee0 GCTaskThread "GC Thread#0" [stack: 0x000000cf58400000,0x000000cf58500000] [id=8116]
  0x0000027a26d3e3a0 GCTaskThread "GC Thread#1" [stack: 0x000000cf61000000,0x000000cf61100000] [id=10128]
  0x0000027a26d3b340 GCTaskThread "GC Thread#2" [stack: 0x000000cf61100000,0x000000cf61200000] [id=13192]
  0x0000027a26d42c30 GCTaskThread "GC Thread#3" [stack: 0x000000cf61200000,0x000000cf61300000] [id=1544]
  0x0000027a271845d0 ConcurrentGCThread "G1 Main Marker" [stack: 0x000000cf58500000,0x000000cf58600000] [id=12664]
  0x0000027a26d3d8e0 ConcurrentGCThread "G1 Conc#0" [stack: 0x000000cf58600000,0x000000cf58700000] [id=216]
  0x0000027a2721f6f0 ConcurrentGCThread "G1 Refine#0" [stack: 0x000000cf58700000,0x000000cf58800000] [id=10280]
  0x0000027a4ca12900 ConcurrentGCThread "G1 Refine#1" [stack: 0x000000cf62700000,0x000000cf62800000] [id=4760]
  0x0000027a27187c70 ConcurrentGCThread "G1 Service" [stack: 0x000000cf58800000,0x000000cf58900000] [id=4832]
  0x0000027a26d3c8c0 ConcurrentGCThread "StringDedupProcessor" [stack: 0x000000cf58900000,0x000000cf58a00000] [id=5800]

Threads with active compile tasks:

VM state: not at safepoint (normal execution)

VM Mutex/Monitor currently owned by a thread: None

Heap address: 0x0000000701800000, size: 4072 MB, Compressed Oops mode: Zero based, Oop shift amount: 3

CDS archive(s) mapped at: [0x0000000800000000-0x0000000800bc0000-0x0000000800bc0000), size 12320768, SharedBaseAddress: 0x0000000800000000, ArchiveRelocationMode: 0.
Compressed class space mapped at: 0x0000000800c00000-0x0000000840c00000, reserved size: 1073741824
Narrow klass base: 0x0000000800000000, Narrow klass shift: 0, Narrow klass range: 0x100000000

GC Precious Log:
 CPUs: 4 total, 4 available
 Memory: 16269M
 Large Page Support: Disabled
 NUMA Support: Disabled
 Compressed Oops: Enabled (Zero based)
 Heap Region Size: 2M
 Heap Min Capacity: 512M
 Heap Initial Capacity: 512M
 Heap Max Capacity: 4072M
 Pre-touch: Disabled
 Parallel Workers: 4
 Concurrent Workers: 1
 Concurrent Refinement Workers: 4
 Periodic GC: Disabled
 String Deduplication is enabled

Heap:
 garbage-first heap   total 524288K, used 99464K [0x0000000701800000, 0x0000000800000000)
  region size 2048K, 18 young (36864K), 5 survivors (10240K)
 Metaspace       used 55706K, committed 56064K, reserved 1097728K
  class space    used 7464K, committed 7680K, reserved 1048576K

Heap Regions: E=young(eden), S=young(survivor), O=old, HS=humongous(starts), HC=humongous(continues), CS=collection set, F=free, OA=open archive, CA=closed archive, TAMS=top-at-mark-start (previous, next)
|   0|0x0000000701800000, 0x0000000701a00000, 0x0000000701a00000|100%|HS|  |TAMS 0x0000000701a00000, 0x0000000701800000| Complete 
|   1|0x0000000701a00000, 0x0000000701c00000, 0x0000000701c00000|100%| O|  |TAMS 0x0000000701c00000, 0x0000000701a00000| Untracked 
|   2|0x0000000701c00000, 0x0000000701e00000, 0x0000000701e00000|100%| O|  |TAMS 0x0000000701e00000, 0x0000000701c00000| Untracked 
|   3|0x0000000701e00000, 0x0000000702000000, 0x0000000702000000|100%| O|  |TAMS 0x0000000702000000, 0x0000000701e00000| Untracked 
|   4|0x0000000702000000, 0x0000000702200000, 0x0000000702200000|100%| O|  |TAMS 0x0000000702200000, 0x0000000702000000| Untracked 
|   5|0x0000000702200000, 0x0000000702400000, 0x0000000702400000|100%| O|  |TAMS 0x0000000702400000, 0x0000000702200000| Untracked 
|   6|0x0000000702400000, 0x0000000702600000, 0x0000000702600000|100%| O|  |TAMS 0x0000000702600000, 0x0000000702400000| Untracked 
|   7|0x0000000702600000, 0x0000000702800000, 0x0000000702800000|100%| O|  |TAMS 0x0000000702800000, 0x0000000702600000| Untracked 
|   8|0x0000000702800000, 0x0000000702a00000, 0x0000000702a00000|100%| O|  |TAMS 0x0000000702a00000, 0x0000000702800000| Untracked 
|   9|0x0000000702a00000, 0x0000000702c00000, 0x0000000702c00000|100%| O|  |TAMS 0x0000000702c00000, 0x0000000702a00000| Untracked 
|  10|0x0000000702c00000, 0x0000000702d35e00, 0x0000000702e00000| 60%| O|  |TAMS 0x0000000702d35e00, 0x0000000702c00000| Untracked 
|  11|0x0000000702e00000, 0x0000000703000000, 0x0000000703000000|100%| O|  |TAMS 0x0000000702e00000, 0x0000000702e00000| Untracked 
|  12|0x0000000703000000, 0x0000000703200000, 0x0000000703200000|100%| O|  |TAMS 0x0000000703000000, 0x0000000703000000| Untracked 
|  13|0x0000000703200000, 0x0000000703400000, 0x0000000703400000|100%| O|  |TAMS 0x0000000703200000, 0x0000000703200000| Untracked 
|  14|0x0000000703400000, 0x0000000703600000, 0x0000000703600000|100%| O|  |TAMS 0x0000000703400000, 0x0000000703400000| Untracked 
|  15|0x0000000703600000, 0x0000000703800000, 0x0000000703800000|100%| O|  |TAMS 0x0000000703600000, 0x0000000703600000| Untracked 
|  16|0x0000000703800000, 0x0000000703a00000, 0x0000000703a00000|100%|HS|  |TAMS 0x0000000703a00000, 0x0000000703800000| Complete 
|  17|0x0000000703a00000, 0x0000000703c00000, 0x0000000703c00000|100%|HC|  |TAMS 0x0000000703c00000, 0x0000000703a00000| Complete 
|  18|0x0000000703c00000, 0x0000000703e00000, 0x0000000703e00000|100%|HC|  |TAMS 0x0000000703e00000, 0x0000000703c00000| Complete 
|  19|0x0000000703e00000, 0x0000000704000000, 0x0000000704000000|100%|HC|  |TAMS 0x0000000704000000, 0x0000000703e00000| Complete 
|  20|0x0000000704000000, 0x0000000704200000, 0x0000000704200000|100%|HC|  |TAMS 0x0000000704200000, 0x0000000704000000| Complete 
|  21|0x0000000704200000, 0x0000000704400000, 0x0000000704400000|100%|HC|  |TAMS 0x0000000704400000, 0x0000000704200000| Complete 
|  22|0x0000000704400000, 0x0000000704600000, 0x0000000704600000|100%| O|  |TAMS 0x0000000704400000, 0x0000000704400000| Untracked 
|  23|0x0000000704600000, 0x0000000704800000, 0x0000000704800000|100%|HS|  |TAMS 0x0000000704600000, 0x0000000704600000| Complete 
|  24|0x0000000704800000, 0x0000000704a00000, 0x0000000704a00000|100%|HC|  |TAMS 0x0000000704800000, 0x0000000704800000| Complete 
|  25|0x0000000704a00000, 0x0000000704c00000, 0x0000000704c00000|100%|HC|  |TAMS 0x0000000704a00000, 0x0000000704a00000| Complete 
|  26|0x0000000704c00000, 0x0000000704e00000, 0x0000000704e00000|100%|HC|  |TAMS 0x0000000704c00000, 0x0000000704c00000| Complete 
|  27|0x0000000704e00000, 0x0000000705000000, 0x0000000705000000|100%| O|  |TAMS 0x0000000704e00000, 0x0000000704e00000| Untracked 
|  28|0x0000000705000000, 0x0000000705200000, 0x0000000705200000|100%| O|  |TAMS 0x0000000705000000, 0x0000000705000000| Untracked 
|  29|0x0000000705200000, 0x0000000705400000, 0x0000000705400000|100%| O|  |TAMS 0x0000000705200000, 0x0000000705200000| Untracked 
|  30|0x0000000705400000, 0x00000007055ec200, 0x0000000705600000| 96%| O|  |TAMS 0x0000000705400000, 0x0000000705400000| Untracked 
|  31|0x0000000705600000, 0x0000000705600000, 0x0000000705800000|  0%| F|  |TAMS 0x0000000705600000, 0x0000000705600000| Untracked 
|  32|0x0000000705800000, 0x0000000705800000, 0x0000000705a00000|  0%| F|  |TAMS 0x0000000705800000, 0x0000000705800000| Untracked 
|  33|0x0000000705a00000, 0x0000000705a00000, 0x0000000705c00000|  0%| F|  |TAMS 0x0000000705a00000, 0x0000000705a00000| Untracked 
|  34|0x0000000705c00000, 0x0000000705e00000, 0x0000000705e00000|100%| O|  |TAMS 0x0000000705c00000, 0x0000000705c00000| Untracked 
|  35|0x0000000705e00000, 0x0000000706000000, 0x0000000706000000|100%| O|  |TAMS 0x0000000705e00000, 0x0000000705e00000| Untracked 
|  36|0x0000000706000000, 0x0000000706000000, 0x0000000706200000|  0%| F|  |TAMS 0x0000000706000000, 0x0000000706000000| Untracked 
|  37|0x0000000706200000, 0x0000000706200000, 0x0000000706400000|  0%| F|  |TAMS 0x0000000706200000, 0x0000000706200000| Untracked 
|  38|0x0000000706400000, 0x0000000706400000, 0x0000000706600000|  0%| F|  |TAMS 0x0000000706400000, 0x0000000706400000| Untracked 
|  39|0x0000000706600000, 0x0000000706600000, 0x0000000706800000|  0%| F|  |TAMS 0x0000000706600000, 0x0000000706600000| Untracked 
|  40|0x0000000706800000, 0x0000000706800000, 0x0000000706a00000|  0%| F|  |TAMS 0x0000000706800000, 0x0000000706800000| Untracked 
|  41|0x0000000706a00000, 0x0000000706a00000, 0x0000000706c00000|  0%| F|  |TAMS 0x0000000706a00000, 0x0000000706a00000| Untracked 
|  42|0x0000000706c00000, 0x0000000706c00000, 0x0000000706e00000|  0%| F|  |TAMS 0x0000000706c00000, 0x0000000706c00000| Untracked 
|  43|0x0000000706e00000, 0x0000000706e00000, 0x0000000707000000|  0%| F|  |TAMS 0x0000000706e00000, 0x0000000706e00000| Untracked 
|  44|0x0000000707000000, 0x0000000707000000, 0x0000000707200000|  0%| F|  |TAMS 0x0000000707000000, 0x0000000707000000| Untracked 
|  45|0x0000000707200000, 0x0000000707200000, 0x0000000707400000|  0%| F|  |TAMS 0x0000000707200000, 0x0000000707200000| Untracked 
|  46|0x0000000707400000, 0x0000000707400000, 0x0000000707600000|  0%| F|  |TAMS 0x0000000707400000, 0x0000000707400000| Untracked 
|  47|0x0000000707600000, 0x0000000707600000, 0x0000000707800000|  0%| F|  |TAMS 0x0000000707600000, 0x0000000707600000| Untracked 
|  48|0x0000000707800000, 0x0000000707800000, 0x0000000707a00000|  0%| F|  |TAMS 0x0000000707800000, 0x0000000707800000| Untracked 
|  49|0x0000000707a00000, 0x0000000707a00000, 0x0000000707c00000|  0%| F|  |TAMS 0x0000000707a00000, 0x0000000707a00000| Untracked 
|  50|0x0000000707c00000, 0x0000000707c00000, 0x0000000707e00000|  0%| F|  |TAMS 0x0000000707c00000, 0x0000000707c00000| Untracked 
|  51|0x0000000707e00000, 0x0000000707e00000, 0x0000000708000000|  0%| F|  |TAMS 0x0000000707e00000, 0x0000000707e00000| Untracked 
|  52|0x0000000708000000, 0x0000000708000000, 0x0000000708200000|  0%| F|  |TAMS 0x0000000708000000, 0x0000000708000000| Untracked 
|  53|0x0000000708200000, 0x0000000708200000, 0x0000000708400000|  0%| F|  |TAMS 0x0000000708200000, 0x0000000708200000| Untracked 
|  54|0x0000000708400000, 0x0000000708400000, 0x0000000708600000|  0%| F|  |TAMS 0x0000000708400000, 0x0000000708400000| Untracked 
|  55|0x0000000708600000, 0x0000000708600000, 0x0000000708800000|  0%| F|  |TAMS 0x0000000708600000, 0x0000000708600000| Untracked 
|  56|0x0000000708800000, 0x0000000708800000, 0x0000000708a00000|  0%| F|  |TAMS 0x0000000708800000, 0x0000000708800000| Untracked 
|  57|0x0000000708a00000, 0x0000000708a00000, 0x0000000708c00000|  0%| F|  |TAMS 0x0000000708a00000, 0x0000000708a00000| Untracked 
|  58|0x0000000708c00000, 0x0000000708c00000, 0x0000000708e00000|  0%| F|  |TAMS 0x0000000708c00000, 0x0000000708c00000| Untracked 
|  59|0x0000000708e00000, 0x0000000708e00000, 0x0000000709000000|  0%| F|  |TAMS 0x0000000708e00000, 0x0000000708e00000| Untracked 
|  60|0x0000000709000000, 0x0000000709000000, 0x0000000709200000|  0%| F|  |TAMS 0x0000000709000000, 0x0000000709000000| Untracked 
|  61|0x0000000709200000, 0x0000000709200000, 0x0000000709400000|  0%| F|  |TAMS 0x0000000709200000, 0x0000000709200000| Untracked 
|  62|0x0000000709400000, 0x0000000709400000, 0x0000000709600000|  0%| F|  |TAMS 0x0000000709400000, 0x0000000709400000| Untracked 
|  63|0x0000000709600000, 0x0000000709600000, 0x0000000709800000|  0%| F|  |TAMS 0x0000000709600000, 0x0000000709600000| Untracked 
|  64|0x0000000709800000, 0x0000000709800000, 0x0000000709a00000|  0%| F|  |TAMS 0x0000000709800000, 0x0000000709800000| Untracked 
|  65|0x0000000709a00000, 0x0000000709a00000, 0x0000000709c00000|  0%| F|  |TAMS 0x0000000709a00000, 0x0000000709a00000| Untracked 
|  66|0x0000000709c00000, 0x0000000709c00000, 0x0000000709e00000|  0%| F|  |TAMS 0x0000000709c00000, 0x0000000709c00000| Untracked 
|  67|0x0000000709e00000, 0x0000000709e00000, 0x000000070a000000|  0%| F|  |TAMS 0x0000000709e00000, 0x0000000709e00000| Untracked 
|  68|0x000000070a000000, 0x000000070a000000, 0x000000070a200000|  0%| F|  |TAMS 0x000000070a000000, 0x000000070a000000| Untracked 
|  69|0x000000070a200000, 0x000000070a200000, 0x000000070a400000|  0%| F|  |TAMS 0x000000070a200000, 0x000000070a200000| Untracked 
|  70|0x000000070a400000, 0x000000070a400000, 0x000000070a600000|  0%| F|  |TAMS 0x000000070a400000, 0x000000070a400000| Untracked 
|  71|0x000000070a600000, 0x000000070a600000, 0x000000070a800000|  0%| F|  |TAMS 0x000000070a600000, 0x000000070a600000| Untracked 
|  72|0x000000070a800000, 0x000000070a800000, 0x000000070aa00000|  0%| F|  |TAMS 0x000000070a800000, 0x000000070a800000| Untracked 
|  73|0x000000070aa00000, 0x000000070aa00000, 0x000000070ac00000|  0%| F|  |TAMS 0x000000070aa00000, 0x000000070aa00000| Untracked 
|  74|0x000000070ac00000, 0x000000070ac00000, 0x000000070ae00000|  0%| F|  |TAMS 0x000000070ac00000, 0x000000070ac00000| Untracked 
|  75|0x000000070ae00000, 0x000000070ae00000, 0x000000070b000000|  0%| F|  |TAMS 0x000000070ae00000, 0x000000070ae00000| Untracked 
|  76|0x000000070b000000, 0x000000070b000000, 0x000000070b200000|  0%| F|  |TAMS 0x000000070b000000, 0x000000070b000000| Untracked 
|  77|0x000000070b200000, 0x000000070b200000, 0x000000070b400000|  0%| F|  |TAMS 0x000000070b200000, 0x000000070b200000| Untracked 
|  78|0x000000070b400000, 0x000000070b400000, 0x000000070b600000|  0%| F|  |TAMS 0x000000070b400000, 0x000000070b400000| Untracked 
|  79|0x000000070b600000, 0x000000070b600000, 0x000000070b800000|  0%| F|  |TAMS 0x000000070b600000, 0x000000070b600000| Untracked 
|  80|0x000000070b800000, 0x000000070b800000, 0x000000070ba00000|  0%| F|  |TAMS 0x000000070b800000, 0x000000070b800000| Untracked 
|  81|0x000000070ba00000, 0x000000070ba00000, 0x000000070bc00000|  0%| F|  |TAMS 0x000000070ba00000, 0x000000070ba00000| Untracked 
|  82|0x000000070bc00000, 0x000000070bc00000, 0x000000070be00000|  0%| F|  |TAMS 0x000000070bc00000, 0x000000070bc00000| Untracked 
|  83|0x000000070be00000, 0x000000070be00000, 0x000000070c000000|  0%| F|  |TAMS 0x000000070be00000, 0x000000070be00000| Untracked 
|  84|0x000000070c000000, 0x000000070c000000, 0x000000070c200000|  0%| F|  |TAMS 0x000000070c000000, 0x000000070c000000| Untracked 
|  85|0x000000070c200000, 0x000000070c200000, 0x000000070c400000|  0%| F|  |TAMS 0x000000070c200000, 0x000000070c200000| Untracked 
|  86|0x000000070c400000, 0x000000070c400000, 0x000000070c600000|  0%| F|  |TAMS 0x000000070c400000, 0x000000070c400000| Untracked 
|  87|0x000000070c600000, 0x000000070c600000, 0x000000070c800000|  0%| F|  |TAMS 0x000000070c600000, 0x000000070c600000| Untracked 
|  88|0x000000070c800000, 0x000000070c800000, 0x000000070ca00000|  0%| F|  |TAMS 0x000000070c800000, 0x000000070c800000| Untracked 
|  89|0x000000070ca00000, 0x000000070ca00000, 0x000000070cc00000|  0%| F|  |TAMS 0x000000070ca00000, 0x000000070ca00000| Untracked 
|  90|0x000000070cc00000, 0x000000070cc00000, 0x000000070ce00000|  0%| F|  |TAMS 0x000000070cc00000, 0x000000070cc00000| Untracked 
|  91|0x000000070ce00000, 0x000000070ce00000, 0x000000070d000000|  0%| F|  |TAMS 0x000000070ce00000, 0x000000070ce00000| Untracked 
|  92|0x000000070d000000, 0x000000070d000000, 0x000000070d200000|  0%| F|  |TAMS 0x000000070d000000, 0x000000070d000000| Untracked 
|  93|0x000000070d200000, 0x000000070d200000, 0x000000070d400000|  0%| F|  |TAMS 0x000000070d200000, 0x000000070d200000| Untracked 
|  94|0x000000070d400000, 0x000000070d400000, 0x000000070d600000|  0%| F|  |TAMS 0x000000070d400000, 0x000000070d400000| Untracked 
|  95|0x000000070d600000, 0x000000070d600000, 0x000000070d800000|  0%| F|  |TAMS 0x000000070d600000, 0x000000070d600000| Untracked 
|  96|0x000000070d800000, 0x000000070d800000, 0x000000070da00000|  0%| F|  |TAMS 0x000000070d800000, 0x000000070d800000| Untracked 
|  97|0x000000070da00000, 0x000000070da00000, 0x000000070dc00000|  0%| F|  |TAMS 0x000000070da00000, 0x000000070da00000| Untracked 
|  98|0x000000070dc00000, 0x000000070dc00000, 0x000000070de00000|  0%| F|  |TAMS 0x000000070dc00000, 0x000000070dc00000| Untracked 
|  99|0x000000070de00000, 0x000000070de00000, 0x000000070e000000|  0%| F|  |TAMS 0x000000070de00000, 0x000000070de00000| Untracked 
| 100|0x000000070e000000, 0x000000070e000000, 0x000000070e200000|  0%| F|  |TAMS 0x000000070e000000, 0x000000070e000000| Untracked 
| 101|0x000000070e200000, 0x000000070e200000, 0x000000070e400000|  0%| F|  |TAMS 0x000000070e200000, 0x000000070e200000| Untracked 
| 102|0x000000070e400000, 0x000000070e400000, 0x000000070e600000|  0%| F|  |TAMS 0x000000070e400000, 0x000000070e400000| Untracked 
| 103|0x000000070e600000, 0x000000070e600000, 0x000000070e800000|  0%| F|  |TAMS 0x000000070e600000, 0x000000070e600000| Untracked 
| 104|0x000000070e800000, 0x000000070e800000, 0x000000070ea00000|  0%| F|  |TAMS 0x000000070e800000, 0x000000070e800000| Untracked 
| 105|0x000000070ea00000, 0x000000070ea00000, 0x000000070ec00000|  0%| F|  |TAMS 0x000000070ea00000, 0x000000070ea00000| Untracked 
| 106|0x000000070ec00000, 0x000000070ec00000, 0x000000070ee00000|  0%| F|  |TAMS 0x000000070ec00000, 0x000000070ec00000| Untracked 
| 107|0x000000070ee00000, 0x000000070ee00000, 0x000000070f000000|  0%| F|  |TAMS 0x000000070ee00000, 0x000000070ee00000| Untracked 
| 108|0x000000070f000000, 0x000000070f000000, 0x000000070f200000|  0%| F|  |TAMS 0x000000070f000000, 0x000000070f000000| Untracked 
| 109|0x000000070f200000, 0x000000070f200000, 0x000000070f400000|  0%| F|  |TAMS 0x000000070f200000, 0x000000070f200000| Untracked 
| 110|0x000000070f400000, 0x000000070f400000, 0x000000070f600000|  0%| F|  |TAMS 0x000000070f400000, 0x000000070f400000| Untracked 
| 111|0x000000070f600000, 0x000000070f600000, 0x000000070f800000|  0%| F|  |TAMS 0x000000070f600000, 0x000000070f600000| Untracked 
| 112|0x000000070f800000, 0x000000070f800000, 0x000000070fa00000|  0%| F|  |TAMS 0x000000070f800000, 0x000000070f800000| Untracked 
| 113|0x000000070fa00000, 0x000000070fa00000, 0x000000070fc00000|  0%| F|  |TAMS 0x000000070fa00000, 0x000000070fa00000| Untracked 
| 114|0x000000070fc00000, 0x000000070fc00000, 0x000000070fe00000|  0%| F|  |TAMS 0x000000070fc00000, 0x000000070fc00000| Untracked 
| 115|0x000000070fe00000, 0x000000070fe00000, 0x0000000710000000|  0%| F|  |TAMS 0x000000070fe00000, 0x000000070fe00000| Untracked 
| 116|0x0000000710000000, 0x0000000710000000, 0x0000000710200000|  0%| F|  |TAMS 0x0000000710000000, 0x0000000710000000| Untracked 
| 117|0x0000000710200000, 0x0000000710200000, 0x0000000710400000|  0%| F|  |TAMS 0x0000000710200000, 0x0000000710200000| Untracked 
| 118|0x0000000710400000, 0x0000000710400000, 0x0000000710600000|  0%| F|  |TAMS 0x0000000710400000, 0x0000000710400000| Untracked 
| 119|0x0000000710600000, 0x0000000710600000, 0x0000000710800000|  0%| F|  |TAMS 0x0000000710600000, 0x0000000710600000| Untracked 
| 120|0x0000000710800000, 0x0000000710800000, 0x0000000710a00000|  0%| F|  |TAMS 0x0000000710800000, 0x0000000710800000| Untracked 
| 121|0x0000000710a00000, 0x0000000710a00000, 0x0000000710c00000|  0%| F|  |TAMS 0x0000000710a00000, 0x0000000710a00000| Untracked 
| 122|0x0000000710c00000, 0x0000000710c00000, 0x0000000710e00000|  0%| F|  |TAMS 0x0000000710c00000, 0x0000000710c00000| Untracked 
| 123|0x0000000710e00000, 0x0000000710e00000, 0x0000000711000000|  0%| F|  |TAMS 0x0000000710e00000, 0x0000000710e00000| Untracked 
| 124|0x0000000711000000, 0x0000000711000000, 0x0000000711200000|  0%| F|  |TAMS 0x0000000711000000, 0x0000000711000000| Untracked 
| 125|0x0000000711200000, 0x0000000711200000, 0x0000000711400000|  0%| F|  |TAMS 0x0000000711200000, 0x0000000711200000| Untracked 
| 126|0x0000000711400000, 0x0000000711400000, 0x0000000711600000|  0%| F|  |TAMS 0x0000000711400000, 0x0000000711400000| Untracked 
| 127|0x0000000711600000, 0x0000000711600000, 0x0000000711800000|  0%| F|  |TAMS 0x0000000711600000, 0x0000000711600000| Untracked 
| 128|0x0000000711800000, 0x0000000711800000, 0x0000000711a00000|  0%| F|  |TAMS 0x0000000711800000, 0x0000000711800000| Untracked 
| 129|0x0000000711a00000, 0x0000000711a00000, 0x0000000711c00000|  0%| F|  |TAMS 0x0000000711a00000, 0x0000000711a00000| Untracked 
| 130|0x0000000711c00000, 0x0000000711c00000, 0x0000000711e00000|  0%| F|  |TAMS 0x0000000711c00000, 0x0000000711c00000| Untracked 
| 131|0x0000000711e00000, 0x0000000711e00000, 0x0000000712000000|  0%| F|  |TAMS 0x0000000711e00000, 0x0000000711e00000| Untracked 
| 132|0x0000000712000000, 0x0000000712000000, 0x0000000712200000|  0%| F|  |TAMS 0x0000000712000000, 0x0000000712000000| Untracked 
| 133|0x0000000712200000, 0x0000000712200000, 0x0000000712400000|  0%| F|  |TAMS 0x0000000712200000, 0x0000000712200000| Untracked 
| 134|0x0000000712400000, 0x0000000712400000, 0x0000000712600000|  0%| F|  |TAMS 0x0000000712400000, 0x0000000712400000| Untracked 
| 135|0x0000000712600000, 0x0000000712600000, 0x0000000712800000|  0%| F|  |TAMS 0x0000000712600000, 0x0000000712600000| Untracked 
| 136|0x0000000712800000, 0x0000000712800000, 0x0000000712a00000|  0%| F|  |TAMS 0x0000000712800000, 0x0000000712800000| Untracked 
| 137|0x0000000712a00000, 0x0000000712a00000, 0x0000000712c00000|  0%| F|  |TAMS 0x0000000712a00000, 0x0000000712a00000| Untracked 
| 138|0x0000000712c00000, 0x0000000712c00000, 0x0000000712e00000|  0%| F|  |TAMS 0x0000000712c00000, 0x0000000712c00000| Untracked 
| 139|0x0000000712e00000, 0x0000000712e00000, 0x0000000713000000|  0%| F|  |TAMS 0x0000000712e00000, 0x0000000712e00000| Untracked 
| 140|0x0000000713000000, 0x0000000713000000, 0x0000000713200000|  0%| F|  |TAMS 0x0000000713000000, 0x0000000713000000| Untracked 
| 141|0x0000000713200000, 0x0000000713200000, 0x0000000713400000|  0%| F|  |TAMS 0x0000000713200000, 0x0000000713200000| Untracked 
| 142|0x0000000713400000, 0x0000000713400000, 0x0000000713600000|  0%| F|  |TAMS 0x0000000713400000, 0x0000000713400000| Untracked 
| 143|0x0000000713600000, 0x0000000713600000, 0x0000000713800000|  0%| F|  |TAMS 0x0000000713600000, 0x0000000713600000| Untracked 
| 144|0x0000000713800000, 0x0000000713800000, 0x0000000713a00000|  0%| F|  |TAMS 0x0000000713800000, 0x0000000713800000| Untracked 
| 145|0x0000000713a00000, 0x0000000713a00000, 0x0000000713c00000|  0%| F|  |TAMS 0x0000000713a00000, 0x0000000713a00000| Untracked 
| 146|0x0000000713c00000, 0x0000000713c00000, 0x0000000713e00000|  0%| F|  |TAMS 0x0000000713c00000, 0x0000000713c00000| Untracked 
| 147|0x0000000713e00000, 0x0000000713e00000, 0x0000000714000000|  0%| F|  |TAMS 0x0000000713e00000, 0x0000000713e00000| Untracked 
| 148|0x0000000714000000, 0x0000000714000000, 0x0000000714200000|  0%| F|  |TAMS 0x0000000714000000, 0x0000000714000000| Untracked 
| 149|0x0000000714200000, 0x0000000714200000, 0x0000000714400000|  0%| F|  |TAMS 0x0000000714200000, 0x0000000714200000| Untracked 
| 150|0x0000000714400000, 0x0000000714400000, 0x0000000714600000|  0%| F|  |TAMS 0x0000000714400000, 0x0000000714400000| Untracked 
| 151|0x0000000714600000, 0x0000000714600000, 0x0000000714800000|  0%| F|  |TAMS 0x0000000714600000, 0x0000000714600000| Untracked 
| 152|0x0000000714800000, 0x0000000714800000, 0x0000000714a00000|  0%| F|  |TAMS 0x0000000714800000, 0x0000000714800000| Untracked 
| 153|0x0000000714a00000, 0x0000000714a00000, 0x0000000714c00000|  0%| F|  |TAMS 0x0000000714a00000, 0x0000000714a00000| Untracked 
| 154|0x0000000714c00000, 0x0000000714c00000, 0x0000000714e00000|  0%| F|  |TAMS 0x0000000714c00000, 0x0000000714c00000| Untracked 
| 155|0x0000000714e00000, 0x0000000714e00000, 0x0000000715000000|  0%| F|  |TAMS 0x0000000714e00000, 0x0000000714e00000| Untracked 
| 156|0x0000000715000000, 0x0000000715000000, 0x0000000715200000|  0%| F|  |TAMS 0x0000000715000000, 0x0000000715000000| Untracked 
| 157|0x0000000715200000, 0x0000000715200000, 0x0000000715400000|  0%| F|  |TAMS 0x0000000715200000, 0x0000000715200000| Untracked 
| 158|0x0000000715400000, 0x0000000715400000, 0x0000000715600000|  0%| F|  |TAMS 0x0000000715400000, 0x0000000715400000| Untracked 
| 159|0x0000000715600000, 0x0000000715600000, 0x0000000715800000|  0%| F|  |TAMS 0x0000000715600000, 0x0000000715600000| Untracked 
| 160|0x0000000715800000, 0x0000000715800000, 0x0000000715a00000|  0%| F|  |TAMS 0x0000000715800000, 0x0000000715800000| Untracked 
| 161|0x0000000715a00000, 0x0000000715a00000, 0x0000000715c00000|  0%| F|  |TAMS 0x0000000715a00000, 0x0000000715a00000| Untracked 
| 162|0x0000000715c00000, 0x0000000715c00000, 0x0000000715e00000|  0%| F|  |TAMS 0x0000000715c00000, 0x0000000715c00000| Untracked 
| 163|0x0000000715e00000, 0x0000000715e00000, 0x0000000716000000|  0%| F|  |TAMS 0x0000000715e00000, 0x0000000715e00000| Untracked 
| 164|0x0000000716000000, 0x0000000716000000, 0x0000000716200000|  0%| F|  |TAMS 0x0000000716000000, 0x0000000716000000| Untracked 
| 165|0x0000000716200000, 0x0000000716200000, 0x0000000716400000|  0%| F|  |TAMS 0x0000000716200000, 0x0000000716200000| Untracked 
| 166|0x0000000716400000, 0x0000000716400000, 0x0000000716600000|  0%| F|  |TAMS 0x0000000716400000, 0x0000000716400000| Untracked 
| 167|0x0000000716600000, 0x0000000716600000, 0x0000000716800000|  0%| F|  |TAMS 0x0000000716600000, 0x0000000716600000| Untracked 
| 168|0x0000000716800000, 0x0000000716800000, 0x0000000716a00000|  0%| F|  |TAMS 0x0000000716800000, 0x0000000716800000| Untracked 
| 169|0x0000000716a00000, 0x0000000716a00000, 0x0000000716c00000|  0%| F|  |TAMS 0x0000000716a00000, 0x0000000716a00000| Untracked 
| 170|0x0000000716c00000, 0x0000000716c00000, 0x0000000716e00000|  0%| F|  |TAMS 0x0000000716c00000, 0x0000000716c00000| Untracked 
| 171|0x0000000716e00000, 0x0000000716e00000, 0x0000000717000000|  0%| F|  |TAMS 0x0000000716e00000, 0x0000000716e00000| Untracked 
| 172|0x0000000717000000, 0x0000000717000000, 0x0000000717200000|  0%| F|  |TAMS 0x0000000717000000, 0x0000000717000000| Untracked 
| 173|0x0000000717200000, 0x0000000717200000, 0x0000000717400000|  0%| F|  |TAMS 0x0000000717200000, 0x0000000717200000| Untracked 
| 174|0x0000000717400000, 0x0000000717400000, 0x0000000717600000|  0%| F|  |TAMS 0x0000000717400000, 0x0000000717400000| Untracked 
| 175|0x0000000717600000, 0x0000000717600000, 0x0000000717800000|  0%| F|  |TAMS 0x0000000717600000, 0x0000000717600000| Untracked 
| 176|0x0000000717800000, 0x0000000717800000, 0x0000000717a00000|  0%| F|  |TAMS 0x0000000717800000, 0x0000000717800000| Untracked 
| 177|0x0000000717a00000, 0x0000000717a00000, 0x0000000717c00000|  0%| F|  |TAMS 0x0000000717a00000, 0x0000000717a00000| Untracked 
| 178|0x0000000717c00000, 0x0000000717c00000, 0x0000000717e00000|  0%| F|  |TAMS 0x0000000717c00000, 0x0000000717c00000| Untracked 
| 179|0x0000000717e00000, 0x0000000717e00000, 0x0000000718000000|  0%| F|  |TAMS 0x0000000717e00000, 0x0000000717e00000| Untracked 
| 180|0x0000000718000000, 0x0000000718000000, 0x0000000718200000|  0%| F|  |TAMS 0x0000000718000000, 0x0000000718000000| Untracked 
| 181|0x0000000718200000, 0x0000000718200000, 0x0000000718400000|  0%| F|  |TAMS 0x0000000718200000, 0x0000000718200000| Untracked 
| 182|0x0000000718400000, 0x0000000718400000, 0x0000000718600000|  0%| F|  |TAMS 0x0000000718400000, 0x0000000718400000| Untracked 
| 183|0x0000000718600000, 0x0000000718600000, 0x0000000718800000|  0%| F|  |TAMS 0x0000000718600000, 0x0000000718600000| Untracked 
| 184|0x0000000718800000, 0x0000000718800000, 0x0000000718a00000|  0%| F|  |TAMS 0x0000000718800000, 0x0000000718800000| Untracked 
| 185|0x0000000718a00000, 0x0000000718a00000, 0x0000000718c00000|  0%| F|  |TAMS 0x0000000718a00000, 0x0000000718a00000| Untracked 
| 186|0x0000000718c00000, 0x0000000718c00000, 0x0000000718e00000|  0%| F|  |TAMS 0x0000000718c00000, 0x0000000718c00000| Untracked 
| 187|0x0000000718e00000, 0x0000000718e00000, 0x0000000719000000|  0%| F|  |TAMS 0x0000000718e00000, 0x0000000718e00000| Untracked 
| 188|0x0000000719000000, 0x0000000719000000, 0x0000000719200000|  0%| F|  |TAMS 0x0000000719000000, 0x0000000719000000| Untracked 
| 189|0x0000000719200000, 0x0000000719200000, 0x0000000719400000|  0%| F|  |TAMS 0x0000000719200000, 0x0000000719200000| Untracked 
| 190|0x0000000719400000, 0x0000000719400000, 0x0000000719600000|  0%| F|  |TAMS 0x0000000719400000, 0x0000000719400000| Untracked 
| 191|0x0000000719600000, 0x0000000719600000, 0x0000000719800000|  0%| F|  |TAMS 0x0000000719600000, 0x0000000719600000| Untracked 
| 192|0x0000000719800000, 0x0000000719800000, 0x0000000719a00000|  0%| F|  |TAMS 0x0000000719800000, 0x0000000719800000| Untracked 
| 193|0x0000000719a00000, 0x0000000719a00000, 0x0000000719c00000|  0%| F|  |TAMS 0x0000000719a00000, 0x0000000719a00000| Untracked 
| 194|0x0000000719c00000, 0x0000000719c00000, 0x0000000719e00000|  0%| F|  |TAMS 0x0000000719c00000, 0x0000000719c00000| Untracked 
| 195|0x0000000719e00000, 0x0000000719e00000, 0x000000071a000000|  0%| F|  |TAMS 0x0000000719e00000, 0x0000000719e00000| Untracked 
| 196|0x000000071a000000, 0x000000071a000000, 0x000000071a200000|  0%| F|  |TAMS 0x000000071a000000, 0x000000071a000000| Untracked 
| 197|0x000000071a200000, 0x000000071a200000, 0x000000071a400000|  0%| F|  |TAMS 0x000000071a200000, 0x000000071a200000| Untracked 
| 198|0x000000071a400000, 0x000000071a400000, 0x000000071a600000|  0%| F|  |TAMS 0x000000071a400000, 0x000000071a400000| Untracked 
| 199|0x000000071a600000, 0x000000071a600000, 0x000000071a800000|  0%| F|  |TAMS 0x000000071a600000, 0x000000071a600000| Untracked 
| 200|0x000000071a800000, 0x000000071a800000, 0x000000071aa00000|  0%| F|  |TAMS 0x000000071a800000, 0x000000071a800000| Untracked 
| 201|0x000000071aa00000, 0x000000071aa00000, 0x000000071ac00000|  0%| F|  |TAMS 0x000000071aa00000, 0x000000071aa00000| Untracked 
| 202|0x000000071ac00000, 0x000000071ac00000, 0x000000071ae00000|  0%| F|  |TAMS 0x000000071ac00000, 0x000000071ac00000| Untracked 
| 203|0x000000071ae00000, 0x000000071ae00000, 0x000000071b000000|  0%| F|  |TAMS 0x000000071ae00000, 0x000000071ae00000| Untracked 
| 204|0x000000071b000000, 0x000000071b000000, 0x000000071b200000|  0%| F|  |TAMS 0x000000071b000000, 0x000000071b000000| Untracked 
| 205|0x000000071b200000, 0x000000071b200000, 0x000000071b400000|  0%| F|  |TAMS 0x000000071b200000, 0x000000071b200000| Untracked 
| 206|0x000000071b400000, 0x000000071b400000, 0x000000071b600000|  0%| F|  |TAMS 0x000000071b400000, 0x000000071b400000| Untracked 
| 207|0x000000071b600000, 0x000000071b600000, 0x000000071b800000|  0%| F|  |TAMS 0x000000071b600000, 0x000000071b600000| Untracked 
| 208|0x000000071b800000, 0x000000071b800000, 0x000000071ba00000|  0%| F|  |TAMS 0x000000071b800000, 0x000000071b800000| Untracked 
| 209|0x000000071ba00000, 0x000000071ba00000, 0x000000071bc00000|  0%| F|  |TAMS 0x000000071ba00000, 0x000000071ba00000| Untracked 
| 210|0x000000071bc00000, 0x000000071bc00000, 0x000000071be00000|  0%| F|  |TAMS 0x000000071bc00000, 0x000000071bc00000| Untracked 
| 211|0x000000071be00000, 0x000000071be00000, 0x000000071c000000|  0%| F|  |TAMS 0x000000071be00000, 0x000000071be00000| Untracked 
| 212|0x000000071c000000, 0x000000071c000000, 0x000000071c200000|  0%| F|  |TAMS 0x000000071c000000, 0x000000071c000000| Untracked 
| 213|0x000000071c200000, 0x000000071c200000, 0x000000071c400000|  0%| F|  |TAMS 0x000000071c200000, 0x000000071c200000| Untracked 
| 214|0x000000071c400000, 0x000000071c400000, 0x000000071c600000|  0%| F|  |TAMS 0x000000071c400000, 0x000000071c400000| Untracked 
| 215|0x000000071c600000, 0x000000071c600000, 0x000000071c800000|  0%| F|  |TAMS 0x000000071c600000, 0x000000071c600000| Untracked 
| 216|0x000000071c800000, 0x000000071ca00000, 0x000000071ca00000|100%| S|CS|TAMS 0x000000071c800000, 0x000000071c800000| Complete 
| 217|0x000000071ca00000, 0x000000071cc00000, 0x000000071cc00000|100%| S|CS|TAMS 0x000000071ca00000, 0x000000071ca00000| Complete 
| 218|0x000000071cc00000, 0x000000071ce00000, 0x000000071ce00000|100%| S|CS|TAMS 0x000000071cc00000, 0x000000071cc00000| Complete 
| 219|0x000000071ce00000, 0x000000071d000000, 0x000000071d000000|100%| S|CS|TAMS 0x000000071ce00000, 0x000000071ce00000| Complete 
| 220|0x000000071d000000, 0x000000071d200000, 0x000000071d200000|100%| S|CS|TAMS 0x000000071d000000, 0x000000071d000000| Complete 
| 221|0x000000071d200000, 0x000000071d200000, 0x000000071d400000|  0%| F|  |TAMS 0x000000071d200000, 0x000000071d200000| Untracked 
| 222|0x000000071d400000, 0x000000071d400000, 0x000000071d600000|  0%| F|  |TAMS 0x000000071d400000, 0x000000071d400000| Untracked 
| 223|0x000000071d600000, 0x000000071d600000, 0x000000071d800000|  0%| F|  |TAMS 0x000000071d600000, 0x000000071d600000| Untracked 
| 224|0x000000071d800000, 0x000000071d800000, 0x000000071da00000|  0%| F|  |TAMS 0x000000071d800000, 0x000000071d800000| Untracked 
| 225|0x000000071da00000, 0x000000071da00000, 0x000000071dc00000|  0%| F|  |TAMS 0x000000071da00000, 0x000000071da00000| Untracked 
| 226|0x000000071dc00000, 0x000000071dc00000, 0x000000071de00000|  0%| F|  |TAMS 0x000000071dc00000, 0x000000071dc00000| Untracked 
| 227|0x000000071de00000, 0x000000071de00000, 0x000000071e000000|  0%| F|  |TAMS 0x000000071de00000, 0x000000071de00000| Untracked 
| 228|0x000000071e000000, 0x000000071e000000, 0x000000071e200000|  0%| F|  |TAMS 0x000000071e000000, 0x000000071e000000| Untracked 
| 229|0x000000071e200000, 0x000000071e200000, 0x000000071e400000|  0%| F|  |TAMS 0x000000071e200000, 0x000000071e200000| Untracked 
| 230|0x000000071e400000, 0x000000071e400000, 0x000000071e600000|  0%| F|  |TAMS 0x000000071e400000, 0x000000071e400000| Untracked 
| 231|0x000000071e600000, 0x000000071e600000, 0x000000071e800000|  0%| F|  |TAMS 0x000000071e600000, 0x000000071e600000| Untracked 
| 232|0x000000071e800000, 0x000000071e800000, 0x000000071ea00000|  0%| F|  |TAMS 0x000000071e800000, 0x000000071e800000| Untracked 
| 233|0x000000071ea00000, 0x000000071ea00000, 0x000000071ec00000|  0%| F|  |TAMS 0x000000071ea00000, 0x000000071ea00000| Untracked 
| 234|0x000000071ec00000, 0x000000071ec00000, 0x000000071ee00000|  0%| F|  |TAMS 0x000000071ec00000, 0x000000071ec00000| Untracked 
| 235|0x000000071ee00000, 0x000000071ee00000, 0x000000071f000000|  0%| F|  |TAMS 0x000000071ee00000, 0x000000071ee00000| Untracked 
| 236|0x000000071f000000, 0x000000071f000000, 0x000000071f200000|  0%| F|  |TAMS 0x000000071f000000, 0x000000071f000000| Untracked 
| 237|0x000000071f200000, 0x000000071f200000, 0x000000071f400000|  0%| F|  |TAMS 0x000000071f200000, 0x000000071f200000| Untracked 
| 238|0x000000071f400000, 0x000000071f400000, 0x000000071f600000|  0%| F|  |TAMS 0x000000071f400000, 0x000000071f400000| Untracked 
| 239|0x000000071f600000, 0x000000071f600000, 0x000000071f800000|  0%| F|  |TAMS 0x000000071f600000, 0x000000071f600000| Untracked 
| 240|0x000000071f800000, 0x000000071f800000, 0x000000071fa00000|  0%| F|  |TAMS 0x000000071f800000, 0x000000071f800000| Untracked 
| 241|0x000000071fa00000, 0x000000071fa00000, 0x000000071fc00000|  0%| F|  |TAMS 0x000000071fa00000, 0x000000071fa00000| Untracked 
| 242|0x000000071fc00000, 0x000000071fc00000, 0x000000071fe00000|  0%| F|  |TAMS 0x000000071fc00000, 0x000000071fc00000| Untracked 
| 243|0x000000071fe00000, 0x000000071ff24598, 0x0000000720000000| 57%| E|  |TAMS 0x000000071fe00000, 0x000000071fe00000| Complete 
| 244|0x0000000720000000, 0x0000000720200000, 0x0000000720200000|100%| E|CS|TAMS 0x0000000720000000, 0x0000000720000000| Complete 
| 245|0x0000000720200000, 0x0000000720400000, 0x0000000720400000|100%| E|CS|TAMS 0x0000000720200000, 0x0000000720200000| Complete 
| 246|0x0000000720400000, 0x0000000720600000, 0x0000000720600000|100%| E|CS|TAMS 0x0000000720400000, 0x0000000720400000| Complete 
| 247|0x0000000720600000, 0x0000000720800000, 0x0000000720800000|100%| E|CS|TAMS 0x0000000720600000, 0x0000000720600000| Complete 
| 248|0x0000000720800000, 0x0000000720a00000, 0x0000000720a00000|100%| E|CS|TAMS 0x0000000720800000, 0x0000000720800000| Complete 
| 249|0x0000000720a00000, 0x0000000720c00000, 0x0000000720c00000|100%| E|  |TAMS 0x0000000720a00000, 0x0000000720a00000| Complete 
| 250|0x0000000720c00000, 0x0000000720e00000, 0x0000000720e00000|100%| E|CS|TAMS 0x0000000720c00000, 0x0000000720c00000| Complete 
| 251|0x0000000720e00000, 0x0000000721000000, 0x0000000721000000|100%| E|CS|TAMS 0x0000000720e00000, 0x0000000720e00000| Complete 
| 381|0x0000000731200000, 0x0000000731400000, 0x0000000731400000|100%| E|CS|TAMS 0x0000000731200000, 0x0000000731200000| Complete 
| 382|0x0000000731400000, 0x0000000731600000, 0x0000000731600000|100%| E|CS|TAMS 0x0000000731400000, 0x0000000731400000| Complete 
| 383|0x0000000731600000, 0x0000000731800000, 0x0000000731800000|100%| E|CS|TAMS 0x0000000731600000, 0x0000000731600000| Complete 
| 410|0x0000000734c00000, 0x0000000734e00000, 0x0000000734e00000|100%| E|CS|TAMS 0x0000000734c00000, 0x0000000734c00000| Complete 

Card table byte_map: [0x0000027a400b0000,0x0000027a408b0000] _byte_map_base: 0x0000027a3c8a4000

Marking Bits (Prev, Next): (CMBitMap*) 0x0000027a24c668d0, (CMBitMap*) 0x0000027a24c66910
 Prev Bits: [0x0000027a410b0000, 0x0000027a45050000)
 Next Bits: [0x0000027a45050000, 0x0000027a48ff0000)

Polling page: 0x0000027a1eba0000

Metaspace:

Usage:
  Non-class:     47.11 MB used.
      Class:      7.29 MB used.
       Both:     54.40 MB used.

Virtual space:
  Non-class space:       48.00 MB reserved,      47.25 MB ( 98%) committed,  6 nodes.
      Class space:        1.00 GB reserved,       7.50 MB ( <1%) committed,  1 nodes.
             Both:        1.05 GB reserved,      54.75 MB (  5%) committed. 

Chunk freelists:
   Non-Class:  0 bytes
       Class:  566.00 KB
        Both:  566.00 KB

MaxMetaspaceSize: unlimited
CompressedClassSpaceSize: 1.00 GB
Initial GC threshold: 21.00 MB
Current GC threshold: 58.69 MB
CDS: on
MetaspaceReclaimPolicy: balanced
 - commit_granule_bytes: 65536.
 - commit_granule_words: 8192.
 - virtual_space_node_default_size: 1048576.
 - enlarge_chunks_in_place: 1.
 - new_chunks_are_fully_committed: 0.
 - uncommit_free_chunks: 1.
 - use_allocation_guard: 0.
 - handle_deallocations: 1.


Internal statistics:

num_allocs_failed_limit: 6.
num_arena_births: 506.
num_arena_deaths: 0.
num_vsnodes_births: 7.
num_vsnodes_deaths: 0.
num_space_committed: 870.
num_space_uncommitted: 0.
num_chunks_returned_to_freelist: 6.
num_chunks_taken_from_freelist: 1721.
num_chunk_merges: 6.
num_chunk_splits: 1276.
num_chunks_enlarged: 978.
num_purges: 0.
num_inconsistent_stats: 0.

CodeHeap 'non-profiled nmethods': size=120000Kb used=4981Kb max_used=4981Kb free=115018Kb
 bounds [0x0000027a38b80000, 0x0000027a39060000, 0x0000027a400b0000]
CodeHeap 'profiled nmethods': size=120000Kb used=15278Kb max_used=15278Kb free=104721Kb
 bounds [0x0000027a31650000, 0x0000027a32540000, 0x0000027a38b80000]
CodeHeap 'non-nmethods': size=5760Kb used=1533Kb max_used=1575Kb free=4226Kb
 bounds [0x0000027a310b0000, 0x0000027a31320000, 0x0000027a31650000]
 total_blobs=8279 nmethods=7349 adapters=839
 compilation: enabled
              stopped_count=0, restarted_count=0
 full_count=0

Compilation events (20 events):
Event: 43.785 Thread 0x0000027a28c029f0 8485       3       java.util.concurrent.locks.LockSupport::setBlocker (12 bytes)
Event: 43.785 Thread 0x0000027a28c029f0 nmethod 8485 0x0000027a32527390 code [0x0000027a32527540, 0x0000027a32527748]
Event: 43.836 Thread 0x0000027a28c029f0 8487       3       java.util.concurrent.locks.ReentrantLock$NonfairSync::tryAcquire (27 bytes)
Event: 43.836 Thread 0x0000027a28c029f0 nmethod 8487 0x0000027a32527810 code [0x0000027a325279c0, 0x0000027a32527c68]
Event: 43.836 Thread 0x0000027a28c029f0 8488       3       javax.swing.border.EmptyBorder::paintBorder (1 bytes)
Event: 43.836 Thread 0x0000027a28c029f0 nmethod 8488 0x0000027a32527d10 code [0x0000027a32527ea0, 0x0000027a32527fb8]
Event: 43.885 Thread 0x0000027a28c029f0 8489       3       java.awt.EventQueue::postEvent (13 bytes)
Event: 43.886 Thread 0x0000027a28c029f0 nmethod 8489 0x0000027a32528090 code [0x0000027a32528260, 0x0000027a325285c8]
Event: 43.886 Thread 0x0000027a28c029f0 8490       3       sun.java2d.pipe.DrawImage::tryCopyOrScale (260 bytes)
Event: 43.887 Thread 0x0000027a28c029f0 nmethod 8490 0x0000027a32528710 code [0x0000027a32528a60, 0x0000027a32529a98]
Event: 43.935 Thread 0x0000027a28c029f0 8491       3       sun.java2d.pipe.DrawImage::transformImage (124 bytes)
Event: 43.936 Thread 0x0000027a28c029f0 nmethod 8491 0x0000027a32529f90 code [0x0000027a3252a1a0, 0x0000027a3252a6a8]
Event: 44.004 Thread 0x0000027a28c04a30 8492       4       java.util.regex.Matcher::reset (128 bytes)
Event: 44.008 Thread 0x0000027a28c04a30 nmethod 8492 0x0000027a39056c10 code [0x0000027a39056da0, 0x0000027a39057098]
Event: 44.099 Thread 0x0000027a28c029f0 8493       3       jdk.internal.reflect.Reflection::isSubclassOf (21 bytes)
Event: 44.099 Thread 0x0000027a28c029f0 nmethod 8493 0x0000027a3252a890 code [0x0000027a3252aa40, 0x0000027a3252ac88]
Event: 44.246 Thread 0x0000027a28c029f0 8494       3       jdk.internal.misc.Unsafe::getAndAddInt (27 bytes)
Event: 44.246 Thread 0x0000027a28c029f0 nmethod 8494 0x0000027a3252ad90 code [0x0000027a3252af40, 0x0000027a3252b188]
Event: 44.343 Thread 0x0000027a28c029f0 8496       3       java.util.stream.ReduceOps$3ReducingSink::accept (15 bytes)
Event: 44.343 Thread 0x0000027a28c029f0 nmethod 8496 0x0000027a3252b290 code [0x0000027a3252b440, 0x0000027a3252b628]

GC Heap History (20 events):
Event: 15.049 GC heap before
{Heap before GC invocations=1 (full 0):
 garbage-first heap   total 524288K, used 91756K [0x0000000701800000, 0x0000000800000000)
  region size 2048K, 40 young (81920K), 5 survivors (10240K)
 Metaspace       used 16262K, committed 16448K, reserved 1064960K
  class space    used 1533K, committed 1600K, reserved 1048576K
}
Event: 15.055 GC heap after
{Heap after GC invocations=2 (full 0):
 garbage-first heap   total 524288K, used 25501K [0x0000000701800000, 0x0000000800000000)
  region size 2048K, 2 young (4096K), 2 survivors (4096K)
 Metaspace       used 16262K, committed 16448K, reserved 1064960K
  class space    used 1533K, committed 1600K, reserved 1048576K
}
Event: 15.100 GC heap before
{Heap before GC invocations=2 (full 0):
 garbage-first heap   total 524288K, used 103325K [0x0000000701800000, 0x0000000800000000)
  region size 2048K, 40 young (81920K), 2 survivors (4096K)
 Metaspace       used 16378K, committed 16576K, reserved 1064960K
  class space    used 1556K, committed 1664K, reserved 1048576K
}
Event: 15.103 GC heap after
{Heap after GC invocations=3 (full 0):
 garbage-first heap   total 524288K, used 25815K [0x0000000701800000, 0x0000000800000000)
  region size 2048K, 2 young (4096K), 2 survivors (4096K)
 Metaspace       used 16378K, committed 16576K, reserved 1064960K
  class space    used 1556K, committed 1664K, reserved 1048576K
}
Event: 15.145 GC heap before
{Heap before GC invocations=3 (full 0):
 garbage-first heap   total 524288K, used 103639K [0x0000000701800000, 0x0000000800000000)
  region size 2048K, 40 young (81920K), 2 survivors (4096K)
 Metaspace       used 16586K, committed 16768K, reserved 1064960K
  class space    used 1574K, committed 1664K, reserved 1048576K
}
Event: 15.150 GC heap after
{Heap after GC invocations=4 (full 0):
 garbage-first heap   total 524288K, used 25646K [0x0000000701800000, 0x0000000800000000)
  region size 2048K, 2 young (4096K), 2 survivors (4096K)
 Metaspace       used 16586K, committed 16768K, reserved 1064960K
  class space    used 1574K, committed 1664K, reserved 1048576K
}
Event: 15.181 GC heap before
{Heap before GC invocations=4 (full 0):
 garbage-first heap   total 524288K, used 103470K [0x0000000701800000, 0x0000000800000000)
  region size 2048K, 40 young (81920K), 2 survivors (4096K)
 Metaspace       used 16600K, committed 16768K, reserved 1064960K
  class space    used 1578K, committed 1664K, reserved 1048576K
}
Event: 15.183 GC heap after
{Heap after GC invocations=5 (full 0):
 garbage-first heap   total 524288K, used 25711K [0x0000000701800000, 0x0000000800000000)
  region size 2048K, 2 young (4096K), 2 survivors (4096K)
 Metaspace       used 16600K, committed 16768K, reserved 1064960K
  class space    used 1578K, committed 1664K, reserved 1048576K
}
Event: 15.225 GC heap before
{Heap before GC invocations=5 (full 0):
 garbage-first heap   total 524288K, used 103535K [0x0000000701800000, 0x0000000800000000)
  region size 2048K, 40 young (81920K), 2 survivors (4096K)
 Metaspace       used 16600K, committed 16768K, reserved 1064960K
  class space    used 1578K, committed 1664K, reserved 1048576K
}
Event: 15.228 GC heap after
{Heap after GC invocations=6 (full 0):
 garbage-first heap   total 524288K, used 25196K [0x0000000701800000, 0x0000000800000000)
  region size 2048K, 2 young (4096K), 2 survivors (4096K)
 Metaspace       used 16600K, committed 16768K, reserved 1064960K
  class space    used 1578K, committed 1664K, reserved 1048576K
}
Event: 15.263 GC heap before
{Heap before GC invocations=6 (full 0):
 garbage-first heap   total 524288K, used 103020K [0x0000000701800000, 0x0000000800000000)
  region size 2048K, 40 young (81920K), 2 survivors (4096K)
 Metaspace       used 16707K, committed 16832K, reserved 1064960K
  class space    used 1604K, committed 1664K, reserved 1048576K
}
Event: 15.266 GC heap after
{Heap after GC invocations=7 (full 0):
 garbage-first heap   total 841728K, used 25102K [0x0000000701800000, 0x0000000800000000)
  region size 2048K, 2 young (4096K), 2 survivors (4096K)
 Metaspace       used 16707K, committed 16832K, reserved 1064960K
  class space    used 1604K, committed 1664K, reserved 1048576K
}
Event: 16.820 GC heap before
{Heap before GC invocations=7 (full 0):
 garbage-first heap   total 841728K, used 76302K [0x0000000701800000, 0x0000000800000000)
  region size 2048K, 29 young (59392K), 2 survivors (4096K)
 Metaspace       used 21298K, committed 21504K, reserved 1073152K
  class space    used 2184K, committed 2304K, reserved 1048576K
}
Event: 16.824 GC heap after
{Heap after GC invocations=8 (full 0):
 garbage-first heap   total 841728K, used 26469K [0x0000000701800000, 0x0000000800000000)
  region size 2048K, 3 young (6144K), 3 survivors (6144K)
 Metaspace       used 21298K, committed 21504K, reserved 1073152K
  class space    used 2184K, committed 2304K, reserved 1048576K
}
Event: 25.064 GC heap before
{Heap before GC invocations=9 (full 0):
 garbage-first heap   total 524288K, used 132965K [0x0000000701800000, 0x0000000800000000)
  region size 2048K, 34 young (69632K), 3 survivors (6144K)
 Metaspace       used 35810K, committed 35968K, reserved 1081344K
  class space    used 4260K, committed 4352K, reserved 1048576K
}
Event: 25.074 GC heap after
{Heap after GC invocations=10 (full 0):
 garbage-first heap   total 524288K, used 50286K [0x0000000701800000, 0x0000000800000000)
  region size 2048K, 5 young (10240K), 5 survivors (10240K)
 Metaspace       used 35810K, committed 35968K, reserved 1081344K
  class space    used 4260K, committed 4352K, reserved 1048576K
}
Event: 36.002 GC heap before
{Heap before GC invocations=11 (full 0):
 garbage-first heap   total 524288K, used 121966K [0x0000000701800000, 0x0000000800000000)
  region size 2048K, 40 young (81920K), 5 survivors (10240K)
 Metaspace       used 47292K, committed 47552K, reserved 1097728K
  class space    used 6150K, committed 6272K, reserved 1048576K
}
Event: 36.018 GC heap after
{Heap after GC invocations=12 (full 0):
 garbage-first heap   total 524288K, used 60314K [0x0000000701800000, 0x0000000800000000)
  region size 2048K, 5 young (10240K), 5 survivors (10240K)
 Metaspace       used 47292K, committed 47552K, reserved 1097728K
  class space    used 6150K, committed 6272K, reserved 1048576K
}
Event: 40.335 GC heap before
{Heap before GC invocations=12 (full 0):
 garbage-first heap   total 524288K, used 140186K [0x0000000701800000, 0x0000000800000000)
  region size 2048K, 40 young (81920K), 5 survivors (10240K)
 Metaspace       used 53471K, committed 53824K, reserved 1097728K
  class space    used 7168K, committed 7360K, reserved 1048576K
}
Event: 40.348 GC heap after
{Heap after GC invocations=13 (full 0):
 garbage-first heap   total 524288K, used 76936K [0x0000000701800000, 0x0000000800000000)
  region size 2048K, 5 young (10240K), 5 survivors (10240K)
 Metaspace       used 53471K, committed 53824K, reserved 1097728K
  class space    used 7168K, committed 7360K, reserved 1048576K
}

Deoptimization events (20 events):
Event: 42.200 Thread 0x0000027a504ae0a0 DEOPT PACKING pc=0x0000027a38daf2f4 sp=0x000000cf682febe0
Event: 42.200 Thread 0x0000027a504ae0a0 DEOPT UNPACKING pc=0x0000027a311023a3 sp=0x000000cf682feb68 mode 2
Event: 42.200 Thread 0x0000027a504ae0a0 Uncommon trap: trap_request=0xffffffde fr.pc=0x0000027a38daf2f4 relative=0x00000000000000d4
Event: 42.200 Thread 0x0000027a504ae0a0 Uncommon trap: reason=class_check action=maybe_recompile pc=0x0000027a38daf2f4 method=java.lang.Character.codePointAt(Ljava/lang/CharSequence;I)I @ 2 c2
Event: 42.200 Thread 0x0000027a504ae0a0 DEOPT PACKING pc=0x0000027a38daf2f4 sp=0x000000cf682febe0
Event: 42.200 Thread 0x0000027a504ae0a0 DEOPT UNPACKING pc=0x0000027a311023a3 sp=0x000000cf682feb68 mode 2
Event: 42.260 Thread 0x0000027a4c0bf530 Uncommon trap: trap_request=0xffffff45 fr.pc=0x0000027a38c0f394 relative=0x0000000000000254
Event: 42.260 Thread 0x0000027a4c0bf530 Uncommon trap: reason=unstable_if action=reinterpret pc=0x0000027a38c0f394 method=java.awt.Container.createHierarchyEvents(ILjava/awt/Component;Ljava/awt/Container;JZ)I @ 22 c2
Event: 42.260 Thread 0x0000027a4c0bf530 DEOPT PACKING pc=0x0000027a38c0f394 sp=0x000000cf626fe400
Event: 42.260 Thread 0x0000027a4c0bf530 DEOPT UNPACKING pc=0x0000027a311023a3 sp=0x000000cf626fe3b8 mode 2
Event: 42.260 Thread 0x0000027a4c0bf530 Uncommon trap: trap_request=0xffffff45 fr.pc=0x0000027a38baab48 relative=0x00000000000000c8
Event: 42.260 Thread 0x0000027a4c0bf530 Uncommon trap: reason=unstable_if action=reinterpret pc=0x0000027a38baab48 method=java.awt.Component.createHierarchyEvents(ILjava/awt/Component;Ljava/awt/Container;JZ)I @ 32 c2
Event: 42.260 Thread 0x0000027a4c0bf530 DEOPT PACKING pc=0x0000027a38baab48 sp=0x000000cf626fde80
Event: 42.260 Thread 0x0000027a4c0bf530 DEOPT UNPACKING pc=0x0000027a311023a3 sp=0x000000cf626fde38 mode 2
Event: 43.586 Thread 0x0000027a4c0bf530 DEOPT PACKING pc=0x0000027a31f8c50d sp=0x000000cf626fb7c0
Event: 43.586 Thread 0x0000027a4c0bf530 DEOPT UNPACKING pc=0x0000027a31102b43 sp=0x000000cf626faca0 mode 0
Event: 44.100 Thread 0x0000027a4c0bf530 Uncommon trap: trap_request=0xffffff45 fr.pc=0x0000027a38cd2af4 relative=0x0000000000000074
Event: 44.100 Thread 0x0000027a4c0bf530 Uncommon trap: reason=unstable_if action=reinterpret pc=0x0000027a38cd2af4 method=java.util.Locale.getDefault(Ljava/util/Locale$Category;)Ljava/util/Locale; @ 9 c2
Event: 44.100 Thread 0x0000027a4c0bf530 DEOPT PACKING pc=0x0000027a38cd2af4 sp=0x000000cf626fd8b0
Event: 44.100 Thread 0x0000027a4c0bf530 DEOPT UNPACKING pc=0x0000027a311023a3 sp=0x000000cf626fd840 mode 2

Classes unloaded (0 events):
No events

Classes redefined (0 events):
No events

Internal exceptions (20 events):
Event: 25.109 Thread 0x0000027a4c0bf530 Implicit null exception at 0x0000027a38c05060 to 0x0000027a38c05678
Event: 25.807 Thread 0x0000027a4c0bf530 Exception <a 'java/lang/NoSuchMethodError'{0x0000000720c838a8}: 'java.lang.Object java.lang.invoke.DirectMethodHandle$Holder.invokeSpecial(java.lang.Object, java.lang.Object, long, java.lang.Object, int, int, int, int, java.lang.Object, java.lang.Object, java.lang.Object)'> (0x0000000720c838a8) 
thrown [e:\jenkins\tmp\workspace\build\src\src\hotspot\share\interpreter\linkResolver.cpp, line 766]
Event: 25.807 Thread 0x0000027a4c0bf530 Exception <a 'java/lang/NoSuchMethodError'{0x0000000720c87ad8}: 'java.lang.Object java.lang.invoke.DelegatingMethodHandle$Holder.reinvoke_L(java.lang.Object, long, java.lang.Object, int, int, int, int, java.lang.Object, java.lang.Object, java.lang.Object)'> (0x0000000720c87ad8) 
thrown [e:\jenkins\tmp\workspace\build\src\src\hotspot\share\interpreter\linkResolver.cpp, line 766]
Event: 25.833 Thread 0x0000027a4c0bf530 Exception <a 'java/lang/NoSuchMethodError'{0x0000000720cf6e90}: 'java.lang.Object java.lang.invoke.DirectMethodHandle$Holder.invokeSpecial(java.lang.Object, java.lang.Object, long, java.lang.Object, java.lang.Object, java.lang.Object, java.lang.Object, int, java.lang.Object, java.lang.Object, java.lang.Object)'> (0x0000000720cf6e90) 
thrown [e:\jenkins\tmp\workspace\build\src\src\hotspot\share\interpreter\linkResolver.cpp, line 766]
Event: 25.833 Thread 0x0000027a4c0bf530 Exception <a 'java/lang/NoSuchMethodError'{0x0000000720cfb9f0}: 'java.lang.Object java.lang.invoke.DelegatingMethodHandle$Holder.reinvoke_L(java.lang.Object, long, java.lang.Object, java.lang.Object, java.lang.Object, java.lang.Object, int, java.lang.Object, java.lang.Object, java.lang.Object)'> (0x0000000720cfb9f0) 
thrown [e:\jenkins\tmp\workspace\build\src\src\hotspot\share\interpreter\linkResolver.cpp, line 766]
Event: 26.295 Thread 0x0000027a504ad700 Implicit null exception at 0x0000027a38c9c177 to 0x0000027a38c9c9fc
Event: 26.302 Thread 0x0000027a504adbd0 Implicit null exception at 0x0000027a38ce1cf2 to 0x0000027a38ce2450
Event: 35.133 Thread 0x0000027a504aa6e0 Implicit null exception at 0x0000027a38d1a28d to 0x0000027a38d1a78c
Event: 37.252 Thread 0x0000027a4c0bf530 Implicit null exception at 0x0000027a38f0a3b7 to 0x0000027a38f0a471
Event: 38.443 Thread 0x0000027a4c0bf530 Implicit null exception at 0x0000027a38c6640d to 0x0000027a38c66744
Event: 39.225 Thread 0x0000027a4c0bf530 Exception <a 'java/lang/NoSuchMethodError'{0x000000071dfdfe30}: 'java.lang.Object java.lang.invoke.DirectMethodHandle$Holder.invokeSpecial(java.lang.Object, java.lang.Object, java.lang.Object, int, java.lang.Object)'> (0x000000071dfdfe30) 
thrown [e:\jenkins\tmp\workspace\build\src\src\hotspot\share\interpreter\linkResolver.cpp, line 766]
Event: 39.601 Thread 0x0000027a4c0bf530 Implicit null exception at 0x0000027a38de6196 to 0x0000027a38de6238
Event: 39.964 Thread 0x0000027a4c0c16e0 Exception <a 'java/lang/NoSuchMethodError'{0x000000071d4d1998}: 'void java.lang.invoke.DirectMethodHandle$Holder.invokeSpecial(java.lang.Object, java.lang.Object, long)'> (0x000000071d4d1998) 
thrown [e:\jenkins\tmp\workspace\build\src\src\hotspot\share\interpreter\linkResolver.cpp, line 766]
Event: 39.968 Thread 0x0000027a4c0c16e0 Exception <a 'java/lang/NoSuchMethodError'{0x000000071d4d72b0}: 'java.lang.Object java.lang.invoke.DirectMethodHandle$Holder.newInvokeSpecial(java.lang.Object, java.lang.Object, long)'> (0x000000071d4d72b0) 
thrown [e:\jenkins\tmp\workspace\build\src\src\hotspot\share\interpreter\linkResolver.cpp, line 766]
Event: 39.969 Thread 0x0000027a4c0c16e0 Exception <a 'java/lang/NoSuchMethodError'{0x000000071d4dab78}: 'java.lang.Object java.lang.invoke.Invokers$Holder.linkToTargetMethod(java.lang.Object, long, java.lang.Object)'> (0x000000071d4dab78) 
thrown [e:\jenkins\tmp\workspace\build\src\src\hotspot\share\interpreter\linkResolver.cpp, line 766]
Event: 40.213 Thread 0x0000027a4c0bf530 Exception <a 'java/lang/NoSuchMethodError'{0x000000071d248da8}: 'java.lang.Object java.lang.invoke.DirectMethodHandle$Holder.invokeSpecial(java.lang.Object, java.lang.Object, long, java.lang.Object, int, int, int, java.lang.Object, java.lang.Object, int, int)'> (0x000000071d248da8) 
thrown [e:\jenkins\tmp\workspace\build\src\src\hotspot\share\interpreter\linkResolver.cpp, line 766]
Event: 40.213 Thread 0x0000027a4c0bf530 Exception <a 'java/lang/NoSuchMethodError'{0x000000071d24cbc8}: 'java.lang.Object java.lang.invoke.DelegatingMethodHandle$Holder.reinvoke_L(java.lang.Object, long, java.lang.Object, int, int, int, java.lang.Object, java.lang.Object, int, int)'> (0x000000071d24cbc8) 
thrown [e:\jenkins\tmp\workspace\build\src\src\hotspot\share\interpreter\linkResolver.cpp, line 766]
Event: 42.124 Thread 0x0000027a4c0bf530 Implicit null exception at 0x0000027a38f77420 to 0x0000027a38f77728
Event: 42.199 Thread 0x0000027a504ae0a0 Implicit null exception at 0x0000027a38f17d60 to 0x0000027a38f17e40
Event: 42.277 Thread 0x0000027a4c0bf530 Exception <a 'java/lang/NoSuchMethodError'{0x000000072048a910}: 'int java.lang.invoke.DirectMethodHandle$Holder.invokeStatic(java.lang.Object)'> (0x000000072048a910) 
thrown [e:\jenkins\tmp\workspace\build\src\src\hotspot\share\interpreter\linkResolver.cpp, line 766]

VM Operations (20 events):
Event: 40.943 Executing VM operation: ICBufferFull
Event: 40.944 Executing VM operation: ICBufferFull done
Event: 41.236 Executing VM operation: HandshakeAllThreads
Event: 41.236 Executing VM operation: HandshakeAllThreads done
Event: 41.268 Executing VM operation: HandshakeAllThreads
Event: 41.277 Executing VM operation: HandshakeAllThreads done
Event: 41.959 Executing VM operation: ICBufferFull
Event: 41.959 Executing VM operation: ICBufferFull done
Event: 42.009 Executing VM operation: HandshakeAllThreads
Event: 42.009 Executing VM operation: HandshakeAllThreads done
Event: 42.201 Executing VM operation: ICBufferFull
Event: 42.201 Executing VM operation: ICBufferFull done
Event: 42.201 Executing VM operation: HandshakeAllThreads
Event: 42.201 Executing VM operation: HandshakeAllThreads done
Event: 42.319 Executing VM operation: ICBufferFull
Event: 42.319 Executing VM operation: ICBufferFull done
Event: 44.319 Executing VM operation: Cleanup
Event: 44.342 Executing VM operation: Cleanup done
Event: 44.343 Executing VM operation: HandshakeAllThreads
Event: 44.343 Executing VM operation: HandshakeAllThreads done

Events (20 events):
Event: 44.343 loading class com/sun/management/internal/PlatformMBeanProviderImpl$3
Event: 44.352 loading class com/sun/management/internal/PlatformMBeanProviderImpl$3 done
Event: 44.352 loading class com/sun/management/internal/PlatformMBeanProviderImpl$4
Event: 44.352 loading class com/sun/management/internal/PlatformMBeanProviderImpl$4 done
Event: 44.352 loading class com/sun/management/internal/DiagnosticCommandImpl
Event: 44.378 loading class com/sun/management/DiagnosticCommandMBean
Event: 44.386 loading class javax/management/DynamicMBean
Event: 44.386 loading class javax/management/DynamicMBean done
Event: 44.386 loading class com/sun/management/DiagnosticCommandMBean done
Event: 44.387 loading class sun/management/NotificationEmitterSupport
Event: 44.388 loading class javax/management/NotificationEmitter
Event: 44.402 loading class javax/management/NotificationBroadcaster
Event: 44.404 loading class javax/management/NotificationBroadcaster done
Event: 44.404 loading class javax/management/NotificationEmitter done
Event: 44.404 loading class sun/management/NotificationEmitterSupport done
Event: 44.404 loading class com/sun/management/internal/DiagnosticCommandImpl done
Event: 44.404 loading class sun/management/ManagementFactoryHelper
Event: 44.416 loading class sun/management/ManagementFactoryHelper done
Event: 44.416 loading class sun/management/VMManagementImpl
Event: 44.420 loading class sun/management/VMManagement


Dynamic libraries:
0x00007ff615d00000 - 0x00007ff615d31000 	D:\Programs\Xilinx2023.1\Vivado\2023.1\bin\unwrapped\win64.o\vivado.exe
0x00007ffe4e150000 - 0x00007ffe4e348000 	C:\Windows\SYSTEM32\ntdll.dll
0x00007ffe4d740000 - 0x00007ffe4d801000 	C:\Windows\System32\KERNEL32.DLL
0x00007ffe4bcc0000 - 0x00007ffe4bfb6000 	C:\Windows\System32\KERNELBASE.dll
0x00007ffe4bbc0000 - 0x00007ffe4bcc0000 	C:\Windows\System32\ucrtbase.dll
0x00007ffe48790000 - 0x00007ffe4881d000 	C:\Windows\SYSTEM32\MSVCP140.dll
0x00007ffe48c40000 - 0x00007ffe48c5d000 	C:\Windows\SYSTEM32\VCRUNTIME140.dll
0x00007ffe48780000 - 0x00007ffe4878c000 	C:\Windows\SYSTEM32\VCRUNTIME140_1.dll
0x00007ffe48520000 - 0x00007ffe48538000 	D:\Programs\Xilinx2023.1\Vivado\2023.1\lib\win64.o\librdi_commonmain.dll
0x00007ffe47340000 - 0x00007ffe47361000 	D:\Programs\Xilinx2023.1\Vivado\2023.1\lib\win64.o\libboost_filesystem.dll
0x00007ffe4d030000 - 0x00007ffe4d0e0000 	C:\Windows\System32\ADVAPI32.dll
0x00007ffe4dd40000 - 0x00007ffe4ddde000 	C:\Windows\System32\msvcrt.dll
0x00007ffe4d8b0000 - 0x00007ffe4d950000 	C:\Windows\System32\sechost.dll
0x00007ffe4ce20000 - 0x00007ffe4cf43000 	C:\Windows\System32\RPCRT4.dll
0x00007ffe4b800000 - 0x00007ffe4b827000 	C:\Windows\System32\bcrypt.dll
0x00007ffe47390000 - 0x00007ffe47399000 	D:\Programs\Xilinx2023.1\Vivado\2023.1\lib\win64.o\librdi_commonversion.dll
0x00007ffe39b90000 - 0x00007ffe39d46000 	D:\Programs\Xilinx2023.1\Vivado\2023.1\lib\win64.o\librdi_commonxillic.dll
0x00007ffe4df40000 - 0x00007ffe4e0df000 	C:\Windows\System32\USER32.dll
0x00007ffe4c0e0000 - 0x00007ffe4c102000 	C:\Windows\System32\win32u.dll
0x00007ffe4d810000 - 0x00007ffe4d83b000 	C:\Windows\System32\GDI32.dll
0x00007ffe4bfc0000 - 0x00007ffe4c0d7000 	C:\Windows\System32\gdi32full.dll
0x00007ffe4b830000 - 0x00007ffe4b8cd000 	C:\Windows\System32\msvcp_win.dll
0x00007ffe4d960000 - 0x00007ffe4d9cb000 	C:\Windows\System32\WS2_32.dll
0x000000005aac0000 - 0x000000005abec000 	D:\Programs\Xilinx2023.1\Vivado\2023.1\lib\win64.o\tcl85t.dll
0x00007ffde7b90000 - 0x00007ffde9020000 	D:\Programs\Xilinx2023.1\Vivado\2023.1\lib\win64.o\librdi_common.dll
0x00007ffe4c180000 - 0x00007ffe4c8ec000 	C:\Windows\System32\SHELL32.dll
0x00007ffe4c110000 - 0x00007ffe4c179000 	C:\Windows\System32\WINTRUST.dll
0x00007ffe16eb0000 - 0x00007ffe171c6000 	D:\Programs\Xilinx2023.1\Vivado\2023.1\lib\win64.o\libXil_lmgr11.dll
0x00007ffe4d140000 - 0x00007ffe4d21a000 	C:\Windows\System32\COMDLG32.dll
0x00007ffe4cac0000 - 0x00007ffe4ce13000 	C:\Windows\System32\combase.dll
0x00007ffe4d220000 - 0x00007ffe4d2cd000 	C:\Windows\System32\shcore.dll
0x00007ffe4d0e0000 - 0x00007ffe4d135000 	C:\Windows\System32\SHLWAPI.dll
0x00007ffe4de00000 - 0x00007ffe4decd000 	C:\Windows\System32\OLEAUT32.dll
0x00007ffe4db80000 - 0x00007ffe4dcab000 	C:\Windows\System32\ole32.dll
0x00007ffe4b8d0000 - 0x00007ffe4ba2e000 	C:\Windows\System32\CRYPT32.dll
0x00007ffe42750000 - 0x00007ffe42864000 	D:\Programs\Xilinx2023.1\Vivado\2023.1\lib\win64.o\libboost_regex.dll
0x00007ffe45770000 - 0x00007ffe45781000 	D:\Programs\Xilinx2023.1\Vivado\2023.1\lib\win64.o\libboost_date_time.dll
0x00007ffde9750000 - 0x00007ffde9abe000 	D:\Programs\Xilinx2023.1\Vivado\2023.1\lib\win64.o\libCOIN-all.dll
0x00007ffe44a60000 - 0x00007ffe44a7c000 	D:\Programs\Xilinx2023.1\Vivado\2023.1\lib\win64.o\libboost_thread.dll
0x00007ffe47380000 - 0x00007ffe4738c000 	D:\Programs\Xilinx2023.1\Vivado\2023.1\lib\win64.o\libboost_xilinx.dll
0x00007ffe449e0000 - 0x00007ffe44a59000 	D:\Programs\Xilinx2023.1\Vivado\2023.1\lib\win64.o\libboost_program_options.dll
0x00007ffe44380000 - 0x00007ffe44402000 	D:\Programs\Xilinx2023.1\Vivado\2023.1\lib\win64.o\libhdlpsolve.dll
0x00007ffe369d0000 - 0x00007ffe36a75000 	D:\Programs\Xilinx2023.1\Vivado\2023.1\lib\win64.o\libhdxml.dll
0x00007ffe449b0000 - 0x00007ffe449da000 	D:\Programs\Xilinx2023.1\Vivado\2023.1\lib\win64.o\libisl_sysinfo.dll
0x00007ffe44310000 - 0x00007ffe44375000 	D:\Programs\Xilinx2023.1\Vivado\2023.1\lib\win64.o\liblmx6.0.dll
0x00007ffe43b80000 - 0x00007ffe43b9a000 	D:\Programs\Xilinx2023.1\Vivado\2023.1\lib\win64.o\pthreadVC2.dll
0x00007ffe43060000 - 0x00007ffe4307c000 	D:\Programs\Xilinx2023.1\Vivado\2023.1\lib\win64.o\librdiconfig.dll
0x00007ffe43030000 - 0x00007ffe43051000 	D:\Programs\Xilinx2023.1\Vivado\2023.1\lib\win64.o\librdizlib.dll
0x00007ffe16be0000 - 0x00007ffe16ea1000 	D:\Programs\Xilinx2023.1\Vivado\2023.1\lib\win64.o\xerces-c_3_2.dll
0x00007ffe41f30000 - 0x00007ffe41f49000 	C:\Windows\SYSTEM32\NETAPI32.dll
0x00007ffe33e10000 - 0x00007ffe342e6000 	C:\Windows\SYSTEM32\WININET.dll
0x00007ffe40680000 - 0x00007ffe4078a000 	C:\Windows\SYSTEM32\WINHTTP.dll
0x00007ffe350d0000 - 0x00007ffe352bc000 	C:\Windows\SYSTEM32\urlmon.dll
0x00007ffde6bc0000 - 0x00007ffde7b85e00 	D:\Programs\Xilinx2023.1\Vivado\2023.1\lib\win64.o\libisl_iostreams.dll
0x00007ffe34dd0000 - 0x00007ffe34dd9000 	C:\Windows\SYSTEM32\WSOCK32.dll
0x00007ffe426c0000 - 0x00007ffe426f2000 	C:\Windows\SYSTEM32\VCOMP140.DLL
0x00007ffe34c40000 - 0x00007ffe34cf0000 	C:\Windows\WinSxS\amd64_microsoft.windows.common-controls_6595b64144ccf1df_5.82.19041.4355_none_792ecafd2442822f\COMCTL32.dll
0x00007ffe41f50000 - 0x00007ffe41f6d000 	C:\Windows\SYSTEM32\dhcpcsvc.DLL
0x00007ffe4b6a0000 - 0x00007ffe4b6ce000 	C:\Windows\SYSTEM32\USERENV.dll
0x00007ffe34de0000 - 0x00007ffe3509e000 	C:\Windows\SYSTEM32\iertutil.dll
0x00007ffe350a0000 - 0x00007ffe350c8000 	C:\Windows\SYSTEM32\srvcli.dll
0x00007ffe4ac50000 - 0x00007ffe4ac5c000 	C:\Windows\SYSTEM32\netutils.dll
0x00007ffe426a0000 - 0x00007ffe426b8000 	D:\Programs\Xilinx2023.1\Vivado\2023.1\lib\win64.o\libboost_iostreams.dll
0x00007ffe3a3a0000 - 0x00007ffe3a3c4000 	D:\Programs\Xilinx2023.1\Vivado\2023.1\lib\win64.o\libisl_iosutils.dll
0x00007ffde4ca0000 - 0x00007ffde6bb7000 	D:\Programs\Xilinx2023.1\Vivado\2023.1\lib\win64.o\gurobi90.dll
0x00007ffe4cfd0000 - 0x00007ffe4d02d000 	C:\Windows\System32\WLDAP32.dll
0x00007ffe4d950000 - 0x00007ffe4d958000 	C:\Windows\System32\Normaliz.dll
0x00007ffe4af80000 - 0x00007ffe4afea000 	C:\Windows\SYSTEM32\MSWSOCK.DLL
0x00007ffe4e0e0000 - 0x00007ffe4e10f000 	C:\Windows\System32\IMM32.DLL
0x00007ffe4b3b0000 - 0x00007ffe4b3c2000 	C:\Windows\SYSTEM32\MSASN1.dll
0x00007ffe4b180000 - 0x00007ffe4b198000 	C:\Windows\SYSTEM32\CRYPTSP.dll
0x00007ffe4a830000 - 0x00007ffe4a864000 	C:\Windows\system32\rsaenh.dll
0x00007ffe4b170000 - 0x00007ffe4b17c000 	C:\Windows\SYSTEM32\CRYPTBASE.dll
0x00007ffe4ba30000 - 0x00007ffe4bab2000 	C:\Windows\System32\bcryptPrimitives.dll
0x00007ffe4dde0000 - 0x00007ffe4ddfd000 	C:\Windows\System32\imagehlp.dll
0x00007ffe4a010000 - 0x00007ffe4a022000 	C:\Windows\SYSTEM32\kernel.appcore.dll
0x00007ffde4750000 - 0x00007ffde4c96000 	D:\Programs\Xilinx2023.1\Vivado\2023.1\lib\win64.o\librdi_commontasks.dll
0x00007ffe424f0000 - 0x00007ffe424fa000 	C:\Windows\SYSTEM32\VERSION.dll
0x00007ffde3b00000 - 0x00007ffde4748000 	D:\Programs\Xilinx2023.1\Vivado\2023.1\tps\win64\jre17.0.3_7\bin\server\jvm.dll
0x00007ffe4d840000 - 0x00007ffe4d848000 	C:\Windows\System32\PSAPI.DLL
0x00007ffe35d10000 - 0x00007ffe35d37000 	C:\Windows\SYSTEM32\WINMM.dll
0x00007ffde9420000 - 0x00007ffde974b800 	D:\Programs\Xilinx2023.1\Vivado\2023.1\lib\win64.o\librdi_sio.dll
0x00007ffe4ac10000 - 0x00007ffe4ac4b000 	C:\Windows\SYSTEM32\IPHLPAPI.DLL
0x00007ffe4a030000 - 0x00007ffe4a053000 	C:\Windows\SYSTEM32\gpapi.dll
0x00007ffe3fef0000 - 0x00007ffe3ff21000 	C:\Windows\System32\cryptnet.dll
0x00007ffe4b730000 - 0x00007ffe4b754000 	C:\Windows\SYSTEM32\profapi.dll
0x00007ffe42190000 - 0x00007ffe4219b000 	C:\Windows\SYSTEM32\WINNSI.DLL
0x00007ffe4df30000 - 0x00007ffe4df38000 	C:\Windows\System32\NSI.dll
0x00007ffe4b6d0000 - 0x00007ffe4b702000 	C:\Windows\SYSTEM32\SspiCli.dll
0x00007ffe368c0000 - 0x00007ffe368d7000 	C:\Windows\system32\napinsp.dll
0x00007ffe32960000 - 0x00007ffe3297b000 	C:\Windows\system32\pnrpnsp.dll
0x00007ffe476c0000 - 0x00007ffe476d5000 	C:\Windows\system32\wshbth.dll
0x00007ffe45630000 - 0x00007ffe4564d000 	C:\Windows\system32\NLAapi.dll
0x00007ffe4ac60000 - 0x00007ffe4ad2a000 	C:\Windows\SYSTEM32\DNSAPI.dll
0x00007ffe31b10000 - 0x00007ffe31b22000 	C:\Windows\System32\winrnr.dll
0x00007ffe49720000 - 0x00007ffe49ebe000 	C:\Windows\SYSTEM32\windows.storage.dll
0x00007ffe4b220000 - 0x00007ffe4b24e000 	C:\Windows\SYSTEM32\Wldp.dll
0x00007ffde0d40000 - 0x00007ffde3afb000 	D:\Programs\Xilinx2023.1\Vivado\2023.1\lib\win64.o\librdi_tcltasks.dll
0x00007ffe36940000 - 0x00007ffe369c3000 	D:\Programs\Xilinx2023.1\Vivado\2023.1\lib\win64.o\librdi_boarddep.dll
0x00007ffe39b40000 - 0x00007ffe39b84000 	D:\Programs\Xilinx2023.1\Vivado\2023.1\lib\win64.o\libboost_serialization.dll
0x00007ffe32590000 - 0x00007ffe326b8000 	D:\Programs\Xilinx2023.1\Vivado\2023.1\lib\win64.o\librdi_chipscope.dll
0x00007ffde0b50000 - 0x00007ffde0d39000 	D:\Programs\Xilinx2023.1\Vivado\2023.1\lib\win64.o\librdi_board.dll
0x00007ffde0940000 - 0x00007ffde0b47000 	D:\Programs\Xilinx2023.1\Vivado\2023.1\lib\win64.o\librdi_chipscopeimpl.dll
0x00007ffde0450000 - 0x00007ffde0931000 	D:\Programs\Xilinx2023.1\Vivado\2023.1\lib\win64.o\librdi_bitstream.dll
0x00007ffe25ce0000 - 0x00007ffe25e49000 	D:\Programs\Xilinx2023.1\Vivado\2023.1\lib\win64.o\librdi_containers.dll
0x00007ffdde700000 - 0x00007ffde044e000 	D:\Programs\Xilinx2023.1\Vivado\2023.1\lib\win64.o\librdi_designutils.dll
0x00007ffdb8d20000 - 0x00007ffdbb354000 	D:\Programs\Xilinx2023.1\Vivado\2023.1\lib\win64.o\librdi_coregen.dll
0x00007ffdde370000 - 0x00007ffdde6fb000 	D:\Programs\Xilinx2023.1\Vivado\2023.1\lib\win64.o\librdi_dlyest.dll
0x00007ffdb66d0000 - 0x00007ffdb8d1f000 	D:\Programs\Xilinx2023.1\Vivado\2023.1\lib\win64.o\librdi_constraints.dll
0x00007ffddce10000 - 0x00007ffdde361000 	D:\Programs\Xilinx2023.1\Vivado\2023.1\lib\win64.o\librdi_device.dll
0x00007ffddc6f0000 - 0x00007ffddce01000 	D:\Programs\Xilinx2023.1\Vivado\2023.1\lib\win64.o\librdi_drc.dll
0x00007ffe35fe0000 - 0x00007ffe36094000 	D:\Programs\Xilinx2023.1\Vivado\2023.1\lib\win64.o\librdi_dsp.dll
0x00007ffe366c0000 - 0x00007ffe3672b000 	D:\Programs\Xilinx2023.1\Vivado\2023.1\lib\win64.o\librdi_hdf.dll
0x00007ffddc420000 - 0x00007ffddc6ee000 	D:\Programs\Xilinx2023.1\Vivado\2023.1\lib\win64.o\librdi_hip_devdesign.dll
0x00007ffdd8380000 - 0x00007ffdd8a24000 	D:\Programs\Xilinx2023.1\Vivado\2023.1\lib\win64.o\librdi_filemgmt.dll
0x00007ffde92d0000 - 0x00007ffde9418000 	D:\Programs\Xilinx2023.1\Vivado\2023.1\lib\win64.o\librdi_hip_perf_analysis.dll
0x00007ffddaa20000 - 0x00007ffddad52000 	D:\Programs\Xilinx2023.1\Vivado\2023.1\lib\win64.o\librdi_guitools.dll
0x00007ffdb57e0000 - 0x00007ffdb66c3000 	D:\Programs\Xilinx2023.1\Vivado\2023.1\lib\win64.o\librdi_ippcw.dll
0x00007ffdd7b10000 - 0x00007ffdd8379000 	D:\Programs\Xilinx2023.1\Vivado\2023.1\lib\win64.o\librdi_lopt.dll
0x00007ffdb5180000 - 0x00007ffdb57d6000 	D:\Programs\Xilinx2023.1\Vivado\2023.1\lib\win64.o\librdi_memdata.dll
0x00007ffdb40c0000 - 0x00007ffdb517c000 	D:\Programs\Xilinx2023.1\Vivado\2023.1\lib\win64.o\librdi_implflow.dll
0x00007ffe32510000 - 0x00007ffe32582000 	D:\Programs\Xilinx2023.1\Vivado\2023.1\lib\win64.o\librdi_noc_frameworks.dll
0x00007ffe32370000 - 0x00007ffe323ed000 	D:\Programs\Xilinx2023.1\Vivado\2023.1\lib\win64.o\librdi_memoryarray.dll
0x00007ffe36820000 - 0x00007ffe3687b000 	D:\Programs\Xilinx2023.1\Vivado\2023.1\lib\win64.o\librdi_pfi.dll
0x00007ffdb38d0000 - 0x00007ffdb40bc000 	D:\Programs\Xilinx2023.1\Vivado\2023.1\lib\win64.o\librdi_netlist.dll
0x00007ffdc0380000 - 0x00007ffdc07f0000 	D:\Programs\Xilinx2023.1\Vivado\2023.1\lib\win64.o\librdi_platform.dll
0x00007ffdb2fe0000 - 0x00007ffdb38c4000 	D:\Programs\Xilinx2023.1\Vivado\2023.1\lib\win64.o\librdi_power.dll
0x00007ffdb05d0000 - 0x00007ffdb2fdd000 	D:\Programs\Xilinx2023.1\Vivado\2023.1\lib\win64.o\librdi_mig.dll

dbghelp: loaded successfully - version: 4.0.5 - missing functions: none
symbol engine: initialized successfully - sym options: 0x614 - pdb path: .;D:\Programs\Xilinx2023.1\Vivado\2023.1\bin\unwrapped\win64.o;C:\Windows\SYSTEM32;D:\Programs\Xilinx2023.1\Vivado\2023.1\lib\win64.o;C:\Windows\WinSxS\amd64_microsoft.windows.common-controls_6595b64144ccf1df_5.82.19041.4355_none_792ecafd2442822f;D:\Programs\Xilinx2023.1\Vivado\2023.1\tps\win64\jre17.0.3_7\bin\server;D:\Programs\Xilinx2023.1\Vivado\2023.1\tps\win64\python-3.8.3;D:\Programs\Xilinx2023.1\Vivado\2023.1\tps\win64\jre17.0.3_7\bin;C:\Windows\WinSxS\amd64_microsoft.windows.common-controls_6595b64144ccf1df_6.0.19041.4355_none_60b8b9eb71f62e16

VM Arguments:
jvm_args: -Dsun.java2d.pmoffscreen=false -Dhttps.protocols=TLSv1,TLSv1.1,TLSv1.2 -Dsun.java2d.xrender=false -Dsun.java2d.d3d=false -Dsun.awt.nopixfmt=true -Dsun.java2d.dpiaware=true -Dsun.java2d.uiScale.enabled=false -Dswing.aatext=true -XX:-UsePerfData -Djdk.map.althashing.threshold=512 -XX:StringTableSize=4072 -XX:+UseStringDeduplication -XX:MaxGCPauseMillis=200 -XX:+ParallelRefProcEnabled --add-opens=java.desktop/javax.swing.plaf.synth=ALL-UNNAMED --add-opens=java.base/java.nio=ALL-UNNAMED --add-opens=java.desktop/sun.swing=ALL-UNNAMED --add-opens=java.desktop/javax.swing=ALL-UNNAMED --add-opens=java.desktop/javax.swing.tree=ALL-UNNAMED --add-opens=java.desktop/javax.swing.plaf.basic=ALL-UNNAMED --add-opens=java.desktop/javax.swing.plaf.synth=ALL-UNNAMED --add-opens=java.desktop/javax.swing.plaf.basic=ALL-UNNAMED --add-opens=java.desktop/javax.swing=ALL-UNNAMED --add-opens=java.desktop/javax.swing.tree=ALL-UNNAMED --add-opens=java.desktop/java.awt.event=ALL-UNNAMED --add-exports=java.desktop/javax.swing.plaf.synth=ALL-UNNAMED --add-exports=java.base/java.nio=ALL-UNNAMED --add-exports=java.desktop/sun.swing=ALL-UNNAMED --add-exports=java.desktop/javax.swing=ALL-UNNAMED --add-exports=java.desktop/javax.swing.tree=ALL-UNNAMED --add-exports=java.desktop/javax.swing.plaf.basic=ALL-UNNAMED --add-exports=java.desktop/sun.swing=ALL-UNNAMED --add-exports=java.desktop/sun.swing.table=ALL-UNNAMED --add-exports=java.desktop/sun.swing.plaf.synth=ALL-UNNAMED --add-exports=java.desktop/sun.awt.shell=ALL-UNNAMED --add-exports=java.base/sun.security.action=ALL-UNNAMED --add-exports=java.desktop/sun.font=ALL-UNNAMED -XX:NewSize=80m -XX:MaxNewSize=80m -Xms512m -Xmx4072m -Xss10m 
java_command: <unknown>
java_class_path (initial): D:/Programs/Xilinx2023.1/Vivado/2023.1\lib\classes\alloy.jar;D:/Programs/Xilinx2023.1/Vivado/2023.1\lib\classes\asm-9.3.jar;D:/Programs/Xilinx2023.1/Vivado/2023.1\lib\classes\asm-analysis-9.3.jar;D:/Programs/Xilinx2023.1/Vivado/2023.1\lib\classes\asm-commons-9.3.jar;D:/Programs/Xilinx2023.1/Vivado/2023.1\lib\classes\asm-tree-9.3.jar;D:/Programs/Xilinx2023.1/Vivado/2023.1\lib\classes\autoesl-models.jar;D:/Programs/Xilinx2023.1/Vivado/2023.1\lib\classes\batik-anim.jar;D:/Programs/Xilinx2023.1/Vivado/2023.1\lib\classes\batik-awt-util.jar;D:/Programs/Xilinx2023.1/Vivado/2023.1\lib\classes\batik-bridge.jar;D:/Programs/Xilinx2023.1/Vivado/2023.1\lib\classes\batik-codec.jar;D:/Programs/Xilinx2023.1/Vivado/2023.1\lib\classes\batik-constants.jar;D:/Programs/Xilinx2023.1/Vivado/2023.1\lib\classes\batik-css.jar;D:/Programs/Xilinx2023.1/Vivado/2023.1\lib\classes\batik-dom.jar;D:/Programs/Xilinx2023.1/Vivado/2023.1\lib\classes\batik-ext.jar;D:/Programs/Xilinx2023.1/Vivado/2023.1\lib\classes\batik-gui-util.jar;D:/Programs/Xilinx2023.1/Vivado/2023.1\lib\classes\batik-gvt.jar;D:/Programs/Xilinx2023.1/Vivado/2023.1\lib\classes\batik-i18n.jar;D:/Programs/Xilinx2023.1/Vivado/2023.1\lib\classes\batik-parser.jar;D:/Programs/Xilinx2023.1/Vivado/2023.1\lib\classes\batik-script.jar;D:/Programs/Xilinx2023.1/Vivado/2023.1\lib\classes\batik-svg-dom.jar;D:/Programs/Xilinx2023.1/Vivado/2023.1\lib\classes\batik-svggen.jar;D:/Programs/Xilinx2023.1/Vivado/2023.1\lib\classes\batik-swing.jar;D:/Programs/Xilinx2023.1/Vivado/2023.1\lib\classes\batik-transcoder.jar;D:/Programs/Xilinx2023.1/Vivado/2023.1\lib\classes\batik-util.jar;D:/Programs/Xilinx2023.1/Vivado/2023.1\lib\classes\batik-xml.jar;D:/Programs/Xilinx2023.1/Vivado/2023.1\lib\classes\com.fasterxml.jackson.core.jackson-annotations_2.12.1.v20210128-1726.jar;D:/Programs/Xilinx2023.1/Vivado/2023.1\lib\classes\com.fasterxml.jackson.core.jackson-core_2.12.1.v20210128-1726.jar;D:/Programs/Xilinx2023.1/Vivado/2023.1\lib\c
Launcher Type: generic

[Global flags]
     intx CICompilerCount                          = 3                                         {product} {ergonomic}
     uint ConcGCThreads                            = 1                                         {product} {ergonomic}
     uint G1ConcRefinementThreads                  = 4                                         {product} {ergonomic}
   size_t G1HeapRegionSize                         = 2097152                                   {product} {ergonomic}
    uintx GCDrainStackTargetSize                   = 64                                        {product} {ergonomic}
   size_t InitialHeapSize                          = 536870912                                 {product} {command line}
   size_t MarkStackSize                            = 4194304                                   {product} {ergonomic}
    uintx MaxGCPauseMillis                         = 200                                       {product} {command line}
   size_t MaxHeapSize                              = 4269801472                                {product} {command line}
   size_t MaxNewSize                               = 83886080                                  {product} {command line}
   size_t MinHeapDeltaBytes                        = 2097152                                   {product} {ergonomic}
   size_t MinHeapSize                              = 536870912                                 {product} {command line}
   size_t NewSize                                  = 83886080                                  {product} {command line}
    uintx NonNMethodCodeHeapSize                   = 5832780                                {pd product} {ergonomic}
    uintx NonProfiledCodeHeapSize                  = 122912730                              {pd product} {ergonomic}
     bool ParallelRefProcEnabled                   = true                                      {product} {command line}
    uintx ProfiledCodeHeapSize                     = 122912730                              {pd product} {ergonomic}
    uintx ReservedCodeCacheSize                    = 251658240                              {pd product} {ergonomic}
     bool SegmentedCodeCache                       = true                                      {product} {ergonomic}
   size_t SoftMaxHeapSize                          = 4269801472                             {manageable} {ergonomic}
    uintx StringTableSize                          = 4072                                      {product} {command line}
     intx ThreadStackSize                          = 10240                                  {pd product} {command line}
     bool UseCompressedClassPointers               = true                           {product lp64_product} {ergonomic}
     bool UseCompressedOops                        = true                           {product lp64_product} {ergonomic}
     bool UseG1GC                                  = true                                      {product} {ergonomic}
     bool UseLargePagesIndividualAllocation        = false                                  {pd product} {ergonomic}
     bool UsePerfData                              = false                                     {product} {command line}
     bool UseStringDeduplication                   = true                                      {product} {command line}

Logging:
Log output configuration:
 #0: stdout all=warning uptime,level,tags
 #1: stderr all=off uptime,level,tags

Environment Variables:
JAVA_HOME=C:\Program Files\Java\jdk-20
PATH=D:/Programs/Xilinx2023.1/Vivado/2023.1/bin;D:/Programs/Xilinx2023.1/Vivado/2023.1/tps/win64/java-cef-95.0.4638.69/bin/lib/win64;D:/Programs/Xilinx2023.1/Vivado/2023.1/tps/win64/javafx-sdk-17.0.1/lib;D:/Programs/Xilinx2023.1/Vivado/2023.1/tps/win64/javafx-sdk-17.0.1/bin;D:/Programs/Xilinx2023.1/Vivado/2023.1/lib/win64.o;D:/Programs/Xilinx2023.1/Vivado/2023.1/tps/win64/jre17.0.3_7/bin/server;D:/Programs/Xilinx2023.1/Vivado/2023.1/tps/win64/jre17.0.3_7/bin;D:/Programs/Xilinx2023.1/Vivado/2023.1/ids_lite/ISE/bin/nt64;D:/Programs/Xilinx2023.1/Vivado/2023.1/ids_lite/ISE/lib/nt64;D:/Programs/Xilinx2023.1/Vitis_HLS/2023.1/bin;C:\Program Files\Microsoft\jdk-11.0.16.101-hotspot\bin;C:\Program Files (x86)\Intel\Intel(R) Management Engine Components\iCLS\;C:\Program Files\Intel\Intel(R) Management Engine Components\iCLS\;C:\Windows\system32;C:\Windows;C:\Windows\System32\Wbem;C:\Windows\System32\WindowsPowerShell\v1.0\;C:\Windows\System32\OpenSSH\;C:\Program Files (x86)\Intel\Intel(R) Management Engine Components\DAL;C:\Program Files\Intel\Intel(R) Management Engine Components\DAL;C:\Program Files (x86)\Intel\Intel(R) Management Engine Components\IPT;C:\Program Files\Intel\Intel(R) Management Engine Components\IPT;C:\Program Files\dotnet\;C:\Program Files\Git\cmd;C:\Program Files\nodejs\;D:\Facultate\bin;C:\Program Files\Microsoft SQL Server\150\Tools\Binn\;C:\Users\Denisa\AppData\Local\Programs\Python\Python311;C:\Program Files\CMake\bin;C:\Program Files (x86)\Windows Kits\10\Windows Performance Toolkit\;C:\Users\Denisa\AppData\Local\Programs\Python\Python311\Scripts\;C:\Users\Denisa\AppData\Local\Microsoft\WindowsApps;C:\Users\Denisa\AppData\Local\Programs\Microsoft VS Code\bin;C:\Users\Denisa\AppData\Local\Programs\Hyper\resources\bin;C:\Users\Denisa\AppData\Roaming\npm;D:\GAME\SDL2-2.28.5\lib\x64;D:\Programs\New folder (2)\IntelliJ IDEA 2024.1\bin;;D:/Programs/Xilinx2023.1/Vivado/2023.1\tps\mingw\6.2.0\win64.o\nt\bin;D:/Programs/Xilinx2023.1/Vivado/2023.1\tps\mingw\6.2.0\
USERNAME=Denisa
OS=Windows_NT
PROCESSOR_IDENTIFIER=Intel64 Family 6 Model 158 Stepping 9, GenuineIntel



---------------  S Y S T E M  ---------------

OS:
 Windows 10 , 64 bit Build 19041 (10.0.19041.4597)
OS uptime: 0 days 10:18 hours

CPU: total 4 (initial active 4) (4 cores per cpu, 1 threads per core) family 6 model 158 stepping 9 microcode 0xde, cx8, cmov, fxsr, mmx, 3dnowpref, sse, sse2, sse3, ssse3, sse4.1, sse4.2, popcnt, lzcnt, tsc, tscinvbit, avx, avx2, aes, erms, clmul, bmi1, bmi2, adx, fma, vzeroupper, clflush, clflushopt

Memory: 4k page, system-wide physical 16269M (7600M free)
TotalPageFile size 21645M (AvailPageFile size 11226M)
current process WorkingSet (physical memory assigned to process): 649M, peak: 651M
current process commit charge ("private bytes"): 1011M, peak: 1206M

vm_info: OpenJDK 64-Bit Server VM (17.0.3+7) for windows-amd64 JRE (17.0.3+7), built on Apr 19 2022 16:55:35 by "" with MS VC++ 16.7 (VS2019)

END.
